#
# There is insufficient memory for the Java Runtime Environment to continue.
# Native memory allocation (malloc) failed to allocate 32744 bytes for ChunkPool::allocate
# Possible reasons:
#   The system is out of physical RAM or swap space
#   In 32 bit mode, the process size limit was hit
# Possible solutions:
#   Reduce memory load on the system
#   Increase physical memory or swap space
#   Check if swap backing store is full
#   Use 64 bit Java on a 64 bit OS
#   Decrease Java heap size (-Xmx/-Xms)
#   Decrease number of Java threads
#   Decrease Java thread stack sizes (-Xss)
#   Set larger code cache with -XX:ReservedCodeCacheSize=
# This output file may be truncated or incomplete.
#
#  Out of Memory Error (allocation.cpp:273), pid=17104, tid=20496
#
# JRE version: Java(TM) SE Runtime Environment (8.0_65-b17) (build 1.8.0_65-b17)
# Java VM: Java HotSpot(TM) 64-Bit Server VM (25.65-b01 mixed mode windows-amd64 compressed oops)
# Failed to write core dump. Minidumps are not enabled by default on client versions of Windows
#

---------------  T H R E A D  ---------------

Current thread (0x00000000152f0000):  JavaThread "C2 CompilerThread1" daemon [_thread_in_native, id=20496, stack(0x0000000016a30000,0x0000000016b30000)]

Stack: [0x0000000016a30000,0x0000000016b30000]
[error occurred during error reporting (printing stack bounds), id 0xc0000005]

Native frames: (J=compiled Java code, j=interpreted, Vv=VM code, C=native code)


Current CompileTask:
C2:   2200 1688       4       com.android.dx.ssa.SCCP::simulateBlock (54 bytes)


---------------  P R O C E S S  ---------------

Java Threads: ( => current thread )
  0x0000000016eb5800 JavaThread "pool-1-thread-3" [_thread_in_Java, id=16420, stack(0x0000000017530000,0x0000000017630000)]
  0x0000000016e85000 JavaThread "pool-2-thread-1" [_thread_blocked, id=6796, stack(0x0000000017330000,0x0000000017430000)]
  0x0000000016e81000 JavaThread "pool-1-thread-1" [_thread_blocked, id=13504, stack(0x0000000017230000,0x0000000017330000)]
  0x0000000016c43800 JavaThread "Service Thread" daemon [_thread_blocked, id=14976, stack(0x0000000017030000,0x0000000017130000)]
  0x0000000015319800 JavaThread "C1 CompilerThread2" daemon [_thread_blocked, id=20176, stack(0x0000000016b30000,0x0000000016c30000)]
=>0x00000000152f0000 JavaThread "C2 CompilerThread1" daemon [_thread_in_native, id=20496, stack(0x0000000016a30000,0x0000000016b30000)]
  0x00000000152e9000 JavaThread "C2 CompilerThread0" daemon [_thread_in_native, id=20104, stack(0x0000000016930000,0x0000000016a30000)]
  0x00000000152e7000 JavaThread "Attach Listener" daemon [_thread_blocked, id=21200, stack(0x0000000016830000,0x0000000016930000)]
  0x00000000152e5800 JavaThread "Signal Dispatcher" daemon [_thread_blocked, id=2772, stack(0x0000000016730000,0x0000000016830000)]
  0x0000000002bf6000 JavaThread "Finalizer" daemon [_thread_blocked, id=4632, stack(0x0000000016540000,0x0000000016640000)]
  0x0000000002bed000 JavaThread "Reference Handler" daemon [_thread_blocked, id=20904, stack(0x0000000016440000,0x0000000016540000)]
  0x0000000002b00800 JavaThread "main" [_thread_blocked, id=19208, stack(0x0000000002a00000,0x0000000002b00000)]

Other Threads:
  0x00000000152b8000 VMThread [stack: 0x0000000016340000,0x0000000016440000] [id=20500]
  0x0000000016c7b000 WatcherThread [stack: 0x0000000017130000,0x0000000017230000] [id=20216]

VM state:not at safepoint (normal execution)

VM Mutex/Monitor currently owned by a thread: None

Heap:
 PSYoungGen      total 76288K, used 73364K [0x00000000eab00000, 0x00000000f0000000, 0x0000000100000000)
  eden space 65536K, 96% used [0x00000000eab00000,0x00000000ee8940a0,0x00000000eeb00000)
  from space 10752K, 95% used [0x00000000eeb00000,0x00000000ef5112f8,0x00000000ef580000)
  to   space 10752K, 0% used [0x00000000ef580000,0x00000000ef580000,0x00000000f0000000)
 ParOldGen       total 175104K, used 8K [0x00000000c0000000, 0x00000000cab00000, 0x00000000eab00000)
  object space 175104K, 0% used [0x00000000c0000000,0x00000000c0002000,0x00000000cab00000)
 Metaspace       used 6283K, capacity 7154K, committed 7296K, reserved 1056768K
  class space    used 604K, capacity 618K, committed 640K, reserved 1048576K

Card table byte_map: [0x0000000011fc0000,0x00000000121d0000] byte_map_base: 0x00000000119c0000

Marking Bits: (ParMarkBitMap*) 0x0000000070cca5b0
 Begin Bits: [0x0000000012730000, 0x0000000013730000)
 End Bits:   [0x0000000013730000, 0x0000000014730000)

Polling page: 0x0000000001160000

CodeCache: size=245760Kb used=7262Kb max_used=7275Kb free=238497Kb
 bounds [0x0000000002c00000, 0x0000000003330000, 0x0000000011c00000]
 total_blobs=2023 nmethods=1753 adapters=182
 compilation: enabled

Compilation events (10 events):
Event: 2.059 Thread 0x0000000015319800 1774       2       java.util.concurrent.FutureTask::done (1 bytes)
Event: 2.059 Thread 0x0000000015319800 nmethod 1774 0x0000000003308250 code [0x00000000033083a0, 0x00000000033084f0]
Event: 2.059 Thread 0x0000000015319800 1775       2       java.util.concurrent.ThreadPoolExecutor$Worker::tryAcquire (20 bytes)
Event: 2.059 Thread 0x0000000015319800 nmethod 1775 0x0000000003318f10 code [0x0000000003319060, 0x0000000003319210]
Event: 2.059 Thread 0x0000000015319800 1776       1       com.android.dx.dex.file.ClassDefItem::getThisClass (5 bytes)
Event: 2.059 Thread 0x0000000015319800 nmethod 1776 0x0000000003319290 code [0x00000000033193e0, 0x00000000033194f0]
Event: 2.067 Thread 0x00000000152e9000 nmethod 1670 0x000000000331cfd0 code [0x000000000331d1e0, 0x000000000331dfc0]
Event: 2.067 Thread 0x00000000152e9000 1760       4       java.util.HashMap::putVal (300 bytes)
Event: 2.072 Thread 0x00000000152e9000 nmethod 1760 0x000000000331ff90 code [0x0000000003320140, 0x00000000033208f8]
Event: 2.072 Thread 0x00000000152e9000 1766   !   4       com.android.dx.cf.code.BytecodeArray::parseInstruction (2764 bytes)

GC Heap History (2 events):
Event: 1.369 GC heap before
{Heap before GC invocations=1 (full 0):
 PSYoungGen      total 76288K, used 65536K [0x00000000eab00000, 0x00000000f0000000, 0x0000000100000000)
  eden space 65536K, 100% used [0x00000000eab00000,0x00000000eeb00000,0x00000000eeb00000)
  from space 10752K, 0% used [0x00000000ef580000,0x00000000ef580000,0x00000000f0000000)
  to   space 10752K, 0% used [0x00000000eeb00000,0x00000000eeb00000,0x00000000ef580000)
 ParOldGen       total 175104K, used 0K [0x00000000c0000000, 0x00000000cab00000, 0x00000000eab00000)
  object space 175104K, 0% used [0x00000000c0000000,0x00000000c0000000,0x00000000cab00000)
 Metaspace       used 6093K, capacity 7024K, committed 7296K, reserved 1056768K
  class space    used 602K, capacity 616K, committed 640K, reserved 1048576K
Event: 1.401 GC heap after
Heap after GC invocations=1 (full 0):
 PSYoungGen      total 76288K, used 10308K [0x00000000eab00000, 0x00000000f0000000, 0x0000000100000000)
  eden space 65536K, 0% used [0x00000000eab00000,0x00000000eab00000,0x00000000eeb00000)
  from space 10752K, 95% used [0x00000000eeb00000,0x00000000ef5112f8,0x00000000ef580000)
  to   space 10752K, 0% used [0x00000000ef580000,0x00000000ef580000,0x00000000f0000000)
 ParOldGen       total 175104K, used 8K [0x00000000c0000000, 0x00000000cab00000, 0x00000000eab00000)
  object space 175104K, 0% used [0x00000000c0000000,0x00000000c0002000,0x00000000cab00000)
 Metaspace       used 6093K, capacity 7024K, committed 7296K, reserved 1056768K
  class space    used 602K, capacity 616K, committed 640K, reserved 1048576K
}

Deoptimization events (10 events):
Event: 1.461 Thread 0x0000000016eb4800 Uncommon trap: reason=class_check action=maybe_recompile pc=0x0000000002fd7284 method=java.util.HashMap.putVal(ILjava/lang/Object;Ljava/lang/Object;ZZ)Ljava/lang/Object; @ 203
Event: 1.472 Thread 0x0000000002b00800 Uncommon trap: reason=unloaded action=reinterpret pc=0x00000000030bc154 method=com.android.dx.cf.cst.ConstantPoolParser.parse0(ILjava/util/BitSet;)Lcom/android/dx/rop/cst/Constant; @ 198
Event: 1.480 Thread 0x0000000016e81000 Uncommon trap: reason=bimorphic action=maybe_recompile pc=0x0000000003185b1c method=com.android.dx.cf.code.BytecodeArray.parseInstruction(ILcom/android/dx/cf/code/BytecodeArray$Visitor;)I @ 955
Event: 1.480 Thread 0x0000000016e81000 Uncommon trap: reason=bimorphic action=maybe_recompile pc=0x0000000003185b1c method=com.android.dx.cf.code.BytecodeArray.parseInstruction(ILcom/android/dx/cf/code/BytecodeArray$Visitor;)I @ 955
Event: 1.492 Thread 0x0000000016eb4800 Uncommon trap: reason=bimorphic action=maybe_recompile pc=0x00000000031852a0 method=com.android.dx.cf.code.BytecodeArray.parseInstruction(ILcom/android/dx/cf/code/BytecodeArray$Visitor;)I @ 1549
Event: 1.492 Thread 0x0000000016eb4800 Uncommon trap: reason=bimorphic action=maybe_recompile pc=0x00000000031852a0 method=com.android.dx.cf.code.BytecodeArray.parseInstruction(ILcom/android/dx/cf/code/BytecodeArray$Visitor;)I @ 1549
Event: 1.498 Thread 0x0000000016eb4800 Uncommon trap: reason=null_check action=make_not_entrant pc=0x0000000002e9a300 method=com.android.dx.ssa.SsaRenamer.getLocalForNewReg(I)Lcom/android/dx/rop/code/LocalItem; @ 19
Event: 1.511 Thread 0x0000000016eb7800 Uncommon trap: reason=unstable_if action=reinterpret pc=0x0000000003081fe8 method=com.android.dx.ssa.SCCP.simulateStmt(Lcom/android/dx/ssa/SsaInsn;)V @ 59
Event: 1.982 Thread 0x0000000016e81000 Uncommon trap: reason=bimorphic action=maybe_recompile pc=0x00000000032b3e08 method=com.android.dx.cf.code.BytecodeArray.parseInstruction(ILcom/android/dx/cf/code/BytecodeArray$Visitor;)I @ 2484
Event: 1.982 Thread 0x0000000016e81000 Uncommon trap: reason=bimorphic action=maybe_recompile pc=0x00000000032b3e08 method=com.android.dx.cf.code.BytecodeArray.parseInstruction(ILcom/android/dx/cf/code/BytecodeArray$Visitor;)I @ 2484

Internal exceptions (4 events):
Event: 0.030 Thread 0x0000000002b00800 Exception <a 'java/lang/NoSuchMethodError': Method sun.misc.Unsafe.defineClass(Ljava/lang/String;[BII)Ljava/lang/Class; name or signature does not match> (0x00000000eab0d6a8) thrown at [C:\workspace\8-2-build-windows-amd64-cygwin\jdk8u65\4987\hotspot\src\s<·\z2{û?
Event: 0.030 Thread 0x0000000002b00800 Exception <a 'java/lang/NoSuchMethodError': Method sun.misc.Unsafe.prefetchRead(Ljava/lang/Object;J)V name or signature does not match> (0x00000000eab0d990) thrown at [C:\workspace\8-2-build-windows-amd64-cygwin\jdk8u65\4987\hotspot\src\share\vm\prims\jni.Nb 1}'·?
Event: 0.536 Thread 0x0000000016eb4800 Implicit null exception at 0x0000000003009d62 to 0x0000000003009e5a
Event: 1.498 Thread 0x0000000016eb4800 Implicit null exception at 0x0000000002e98c95 to 0x0000000002e9a2e1

Events (10 events):
Event: 1.982 Thread 0x0000000016e81000 DEOPT PACKING pc=0x00000000032b3e08 sp=0x000000001732e2e0
Event: 1.982 Thread 0x0000000016e81000 DEOPT UNPACKING pc=0x0000000002c4582a sp=0x000000001732e288 mode 2
Event: 2.000 loading class java/util/HashMap$KeySet
Event: 2.000 loading class java/util/HashMap$KeySet done
Event: 2.000 Executing VM operation: ForceSafepoint
Event: 2.054 Executing VM operation: ForceSafepoint done
Event: 2.054 loading class java/util/HashMap$KeyIterator
Event: 2.054 loading class java/util/HashMap$KeyIterator done
Event: 2.058 Thread 0x0000000016eb4800 Thread exited: 0x0000000016eb4800
Event: 2.058 Thread 0x0000000016eb7800 Thread exited: 0x0000000016eb7800


Dynamic libraries:
0x00007ff728110000 - 0x00007ff728147000 	C:\Program Files\Java\jdk1.8.0_65\bin\java.exe
0x00007ff962bb0000 - 0x00007ff962d72000 	C:\WINDOWS\SYSTEM32\ntdll.dll
0x00007ff9603d0000 - 0x00007ff96047d000 	C:\WINDOWS\system32\KERNEL32.DLL
0x00007ff960040000 - 0x00007ff96021d000 	C:\WINDOWS\system32\KERNELBASE.dll
0x00007ff960490000 - 0x00007ff960536000 	C:\WINDOWS\system32\ADVAPI32.dll
0x00007ff962a30000 - 0x00007ff962acd000 	C:\WINDOWS\system32\msvcrt.dll
0x00007ff962030000 - 0x00007ff96208b000 	C:\WINDOWS\system32\sechost.dll
0x00007ff9627a0000 - 0x00007ff9628c6000 	C:\WINDOWS\system32\RPCRT4.dll
0x00007ff960280000 - 0x00007ff9603ce000 	C:\WINDOWS\system32\USER32.dll
0x00007ff9608c0000 - 0x00007ff960a46000 	C:\WINDOWS\system32\GDI32.dll
0x00007ff959980000 - 0x00007ff959bf4000 	C:\WINDOWS\WinSxS\amd64_microsoft.windows.common-controls_6595b64144ccf1df_6.0.10240.16384_none_f41f7b285750ef43\COMCTL32.dll
0x00007ff962090000 - 0x00007ff9620c6000 	C:\WINDOWS\system32\IMM32.DLL
0x00007ff9606f0000 - 0x00007ff96084c000 	C:\WINDOWS\system32\MSCTF.dll
0x00000000710b0000 - 0x0000000071182000 	C:\Program Files\Java\jdk1.8.0_65\jre\bin\msvcr100.dll
0x00000000704c0000 - 0x0000000070d49000 	C:\Program Files\Java\jdk1.8.0_65\jre\bin\server\jvm.dll
0x00007ff962a20000 - 0x00007ff962a28000 	C:\WINDOWS\system32\PSAPI.DLL
0x00007ff953db0000 - 0x00007ff953db9000 	C:\WINDOWS\SYSTEM32\WSOCK32.dll
0x00007ff9620d0000 - 0x00007ff962139000 	C:\WINDOWS\system32\WS2_32.dll
0x00007ff9606e0000 - 0x00007ff9606e8000 	C:\WINDOWS\system32\NSI.dll
0x00007ff95dab0000 - 0x00007ff95dad3000 	C:\WINDOWS\SYSTEM32\WINMM.dll
0x00007ff95bf70000 - 0x00007ff95bf7a000 	C:\WINDOWS\SYSTEM32\VERSION.dll
0x00007ff95d940000 - 0x00007ff95d96c000 	C:\WINDOWS\SYSTEM32\WINMMBASE.dll
0x00007ff95fe20000 - 0x00007ff95fe64000 	C:\WINDOWS\system32\cfgmgr32.dll
0x00007ff95df50000 - 0x00007ff95df77000 	C:\WINDOWS\SYSTEM32\DEVOBJ.dll
0x0000000071d20000 - 0x0000000071d2f000 	C:\Program Files\Java\jdk1.8.0_65\jre\bin\verify.dll
0x00000000714e0000 - 0x0000000071509000 	C:\Program Files\Java\jdk1.8.0_65\jre\bin\java.dll
0x00000000714c0000 - 0x00000000714d6000 	C:\Program Files\Java\jdk1.8.0_65\jre\bin\zip.dll
0x00007ff960b00000 - 0x00007ff962022000 	C:\WINDOWS\system32\SHELL32.dll
0x00007ff95f730000 - 0x00007ff95fd58000 	C:\WINDOWS\system32\windows.storage.dll
0x00007ff962520000 - 0x00007ff96279c000 	C:\WINDOWS\system32\combase.dll
0x00007ff962ad0000 - 0x00007ff962b21000 	C:\WINDOWS\system32\shlwapi.dll
0x00007ff95f5e0000 - 0x00007ff95f5ef000 	C:\WINDOWS\system32\kernel.appcore.dll
0x00007ff95fd60000 - 0x00007ff95fe13000 	C:\WINDOWS\system32\shcore.dll
0x00007ff95f630000 - 0x00007ff95f67a000 	C:\WINDOWS\system32\powrprof.dll
0x00007ff95f610000 - 0x00007ff95f623000 	C:\WINDOWS\system32\profapi.dll

VM Arguments:
jvm_args: -Djava.awt.headless=true -Xmx1024M -Dfile.encoding=windows-1252 -Duser.country=GB -Duser.language=en -Duser.variant 
java_command: com.android.dx.command.Main --dex --num-threads=4 --output C:\Users\Numan\AndroidStudioProjects\BrainTraining\app\build\intermediates\pre-dexed\debug\com.android.support-design-23.1.1_14b64e330985cd95db0d94f83e494ac6473bf562.jar C:\Users\Numan\AndroidStudioProjects\BrainTraining\app\build\intermediates\exploded-aar\com.android.support\design\23.1.1\jars\classes.jar
java_class_path (initial): C:\Users\Numan\AppData\Local\Android\sdk\build-tools\23.0.2\lib\dx.jar
Launcher Type: SUN_STANDARD

Environment Variables:
PATH=C:\Program Files (x86)\Razer Chroma SDK\bin;C:\Program Files\Razer Chroma SDK\bin;C:\ProgramData\Oracle\Java\javapath;C:\Program Files (x86)\Intel\iCLS Client\;C:\Program Files\Intel\iCLS Client\;C:\Windows\system32;C:\Windows;C:\Windows\System32\Wbem;C:\Windows\System32\WindowsPowerShell\v1.0\;C:\Program Files (x86)\NVIDIA Corporation\PhysX\Common;C:\WINDOWS\system32;C:\WINDOWS;C:\WINDOWS\System32\Wbem;C:\WINDOWS\System32\WindowsPowerShell\v1.0\;C:\Program Files\Intel\Intel(R) Management Engine Components\DAL;C:\Program Files\Intel\Intel(R) Management Engine Components\IPT;C:\Program Files (x86)\Skype\Phone\;C:\WINDOWS\system32\config\systemprofile\.dnx\bin;C:\Program Files\Microsoft DNX\Dnvm\
USERNAME=Numan
OS=Windows_NT
PROCESSOR_IDENTIFIER=Intel64 Family 6 Model 60 Stepping 3, GenuineIntel



---------------  S Y S T E M  ---------------

OS: Windows 10.0 , 64 bit Build 10240 (10.0.10240.16384)

CPU:total 4 (4 cores per cpu, 1 threads per core) family 6 model 60 stepping 3, cmov, cx8, fxsr, mmx, sse, sse2, sse3, ssse3, sse4.1, sse4.2, popcnt, avx, avx2, aes, clmul, erms, lzcnt, tsc, tscinvbit, bmi1, bmi2

Memory: 4k page, physical 16702552k(7360480k free), swap 17751128k(5160k free)

vm_info: Java HotSpot(TM) 64-Bit Server VM (25.65-b01) for windows-amd64 JRE (1.8.0_65-b17), built on Oct  6 2015 16:39:20 by "java_re" with MS VC++ 10.0 (VS2010)

time: Sat Feb 27 02:40:03 2016
elapsed time: 2 seconds (0d 0h 0m 2s)

