#
# There is insufficient memory for the Java Runtime Environment to continue.
# Native memory allocation (malloc) failed to allocate 414928 bytes for Chunk::new
# Possible reasons:
#   The system is out of physical RAM or swap space
#   In 32 bit mode, the process size limit was hit
# Possible solutions:
#   Reduce memory load on the system
#   Increase physical memory or swap space
#   Check if swap backing store is full
#   Use 64 bit Java on a 64 bit OS
#   Decrease Java heap size (-Xmx/-Xms)
#   Decrease number of Java threads
#   Decrease Java thread stack sizes (-Xss)
#   Set larger code cache with -XX:ReservedCodeCacheSize=
# This output file may be truncated or incomplete.
#
#  Out of Memory Error (allocation.cpp:390), pid=16372, tid=14680
#
# JRE version: Java(TM) SE Runtime Environment (8.0_65-b17) (build 1.8.0_65-b17)
# Java VM: Java HotSpot(TM) 64-Bit Server VM (25.65-b01 mixed mode windows-amd64 compressed oops)
# Failed to write core dump. Minidumps are not enabled by default on client versions of Windows
#

---------------  T H R E A D  ---------------

Current thread (0x0000000014fe9000):  JavaThread "C2 CompilerThread0" daemon [_thread_in_native, id=14680, stack(0x0000000016630000,0x0000000016730000)]

Stack: [0x0000000016630000,0x0000000016730000]
[error occurred during error reporting (printing stack bounds), id 0xc0000005]

Native frames: (J=compiled Java code, j=interpreted, Vv=VM code, C=native code)


Current CompileTask:
C2:    544 1052       4       com.android.dx.ssa.back.LivenessAnalyzer::handleTailRecursion (94 bytes)


---------------  P R O C E S S  ---------------

Java Threads: ( => current thread )
  0x0000000016ae5000 JavaThread "pool-1-thread-4" [_thread_blocked, id=14624, stack(0x0000000017330000,0x0000000017430000)]
  0x0000000016ae4000 JavaThread "pool-1-thread-3" [_thread_in_Java, id=15324, stack(0x0000000017230000,0x0000000017330000)]
  0x0000000016adb000 JavaThread "pool-1-thread-2" [_thread_blocked, id=13392, stack(0x0000000017130000,0x0000000017230000)]
  0x0000000016ac6000 JavaThread "pool-2-thread-1" [_thread_blocked, id=13028, stack(0x0000000017030000,0x0000000017130000)]
  0x0000000016ac5000 JavaThread "pool-1-thread-1" [_thread_in_Java, id=13528, stack(0x0000000016f30000,0x0000000017030000)]
  0x0000000016935800 JavaThread "Service Thread" daemon [_thread_blocked, id=14416, stack(0x0000000016d30000,0x0000000016e30000)]
  0x000000001504c800 JavaThread "C1 CompilerThread2" daemon [_thread_in_vm, id=9732, stack(0x0000000016830000,0x0000000016930000)]
  0x000000001504a000 JavaThread "C2 CompilerThread1" daemon [_thread_in_native, id=776, stack(0x0000000016730000,0x0000000016830000)]
=>0x0000000014fe9000 JavaThread "C2 CompilerThread0" daemon [_thread_in_native, id=14680, stack(0x0000000016630000,0x0000000016730000)]
  0x0000000014fe7000 JavaThread "Attach Listener" daemon [_thread_blocked, id=14248, stack(0x0000000016530000,0x0000000016630000)]
  0x0000000014fe5800 JavaThread "Signal Dispatcher" daemon [_thread_blocked, id=13672, stack(0x0000000016430000,0x0000000016530000)]
  0x0000000002910800 JavaThread "Finalizer" daemon [_thread_blocked, id=15616, stack(0x0000000016240000,0x0000000016340000)]
  0x000000000290d000 JavaThread "Reference Handler" daemon [_thread_blocked, id=13996, stack(0x0000000016140000,0x0000000016240000)]
  0x0000000002820800 JavaThread "main" [_thread_in_native, id=16204, stack(0x00000000025d0000,0x00000000026d0000)]

Other Threads:
  0x0000000014fb8000 VMThread [stack: 0x0000000016040000,0x0000000016140000] [id=5912]
  0x0000000016942800 WatcherThread [stack: 0x0000000016e30000,0x0000000016f30000] [id=15124]

VM state:not at safepoint (normal execution)

VM Mutex/Monitor currently owned by a thread: None

Heap:
 PSYoungGen      total 76288K, used 30162K [0x00000000eab00000, 0x00000000f0000000, 0x0000000100000000)
  eden space 65536K, 46% used [0x00000000eab00000,0x00000000ec874bb0,0x00000000eeb00000)
  from space 10752K, 0% used [0x00000000ef580000,0x00000000ef580000,0x00000000f0000000)
  to   space 10752K, 0% used [0x00000000eeb00000,0x00000000eeb00000,0x00000000ef580000)
 ParOldGen       total 175104K, used 0K [0x00000000c0000000, 0x00000000cab00000, 0x00000000eab00000)
  object space 175104K, 0% used [0x00000000c0000000,0x00000000c0000000,0x00000000cab00000)
 Metaspace       used 5719K, capacity 6832K, committed 7040K, reserved 1056768K
  class space    used 579K, capacity 616K, committed 640K, reserved 1048576K

Card table byte_map: [0x0000000011ce0000,0x0000000011ef0000] byte_map_base: 0x00000000116e0000

Marking Bits: (ParMarkBitMap*) 0x000000007098a5b0
 Begin Bits: [0x0000000012450000, 0x0000000013450000)
 End Bits:   [0x0000000013450000, 0x0000000014450000)

Polling page: 0x00000000025b0000

CodeCache: size=245760Kb used=4476Kb max_used=4487Kb free=241283Kb
 bounds [0x0000000002920000, 0x0000000002d90000, 0x0000000011920000]
 total_blobs=1336 nmethods=1074 adapters=175
 compilation: enabled

Compilation events (10 events):
Event: 0.539 Thread 0x000000001504c800 1075       3       com.android.dx.rop.type.Prototype::withFirstParameter (68 bytes)
Event: 0.539 Thread 0x000000001504c800 nmethod 1075 0x0000000002d7ffd0 code [0x0000000002d80200, 0x0000000002d80e18]
Event: 0.540 Thread 0x000000001504c800 1076       3       com.android.dx.rop.type.StdTypeList::set (7 bytes)
Event: 0.540 Thread 0x000000001504c800 nmethod 1076 0x0000000002d81350 code [0x0000000002d81520, 0x0000000002d81d08]
Event: 0.541 Thread 0x000000001504c800 1077       3       com.android.dx.cf.direct.DirectClassFile::parseToEndIfNecessary (12 bytes)
Event: 0.542 Thread 0x000000001504c800 nmethod 1077 0x0000000002d7a2d0 code [0x0000000002d7a440, 0x0000000002d7a608]
Event: 0.542 Thread 0x000000001504a000 nmethod 1058 0x0000000002d853d0 code [0x0000000002d85540, 0x0000000002d85a18]
Event: 0.542 Thread 0x000000001504a000 1057   !   4       com.android.dx.ssa.BasicRegisterMapper::map (44 bytes)
Event: 0.543 Thread 0x000000001504a000 nmethod 1057 0x0000000002d7bf90 code [0x0000000002d7c0e0, 0x0000000002d7c228]
Event: 0.543 Thread 0x000000001504a000 1056       4       com.android.dx.ssa.NormalSsaInsn::mapSourceRegisters (48 bytes)

GC Heap History (0 events):
No events

Deoptimization events (10 events):
Event: 0.331 Thread 0x0000000002820800 Uncommon trap: reason=unstable_if action=reinterpret pc=0x0000000002b43a08 method=com.android.dx.rop.cst.CstFieldRef.compareTo0(Lcom/android/dx/rop/cst/Constant;)I @ 7
Event: 0.331 Thread 0x0000000002820800 Uncommon trap: reason=unstable_if action=reinterpret pc=0x0000000002aea770 method=com.android.dx.rop.cst.CstFieldRef.compareTo0(Lcom/android/dx/rop/cst/Constant;)I @ 7
Event: 0.402 Thread 0x0000000002820800 Uncommon trap: reason=unstable_if action=reinterpret pc=0x0000000002ab4c40 method=java.lang.String.<init>([CII)V @ 18
Event: 0.412 Thread 0x0000000016ae5000 Uncommon trap: reason=class_check action=maybe_recompile pc=0x0000000002c3ba48 method=com.android.dx.ssa.SsaBasicBlock.forEachInsn(Lcom/android/dx/ssa/SsaInsn$Visitor;)V @ 23
Event: 0.412 Thread 0x0000000016ae5000 Uncommon trap: reason=class_check action=maybe_recompile pc=0x0000000002c3ba48 method=com.android.dx.ssa.SsaBasicBlock.forEachInsn(Lcom/android/dx/ssa/SsaInsn$Visitor;)V @ 23
Event: 0.412 Thread 0x0000000016ae5000 Uncommon trap: reason=class_check action=maybe_recompile pc=0x0000000002c3ba48 method=com.android.dx.ssa.SsaBasicBlock.forEachInsn(Lcom/android/dx/ssa/SsaInsn$Visitor;)V @ 23
Event: 0.412 Thread 0x0000000016ae5000 Uncommon trap: reason=class_check action=maybe_recompile pc=0x0000000002c3ba48 method=com.android.dx.ssa.SsaBasicBlock.forEachInsn(Lcom/android/dx/ssa/SsaInsn$Visitor;)V @ 23
Event: 0.418 Thread 0x0000000002820800 Uncommon trap: reason=unloaded action=reinterpret pc=0x0000000002c07ae0 method=com.android.dx.cf.cst.ConstantPoolParser.parse0(ILjava/util/BitSet;)Lcom/android/dx/rop/cst/Constant; @ 475
Event: 0.432 Thread 0x0000000002820800 Uncommon trap: reason=unstable_if action=reinterpret pc=0x0000000002b977e0 method=java.lang.String.<init>([CII)V @ 18
Event: 0.501 Thread 0x0000000002820800 Uncommon trap: reason=unstable_if action=reinterpret pc=0x0000000002bbba78 method=com.android.dx.rop.cst.StdConstantPool.set(ILcom/android/dx/rop/cst/Constant;)V @ 12

Internal exceptions (2 events):
Event: 0.033 Thread 0x0000000002820800 Exception <a 'java/lang/NoSuchMethodError': Method sun.misc.Unsafe.defineClass(Ljava/lang/String;[BII)Ljava/lang/Class; name or signature does not match> (0x00000000eab0d610) thrown at [C:\workspace\8-2-build-windows-amd64-cygwin\jdk8u65\4987\hotspot\src\s#È÷ ?
Event: 0.033 Thread 0x0000000002820800 Exception <a 'java/lang/NoSuchMethodError': Method sun.misc.Unsafe.prefetchRead(Ljava/lang/Object;J)V name or signature does not match> (0x00000000eab0d8f8) thrown at [C:\workspace\8-2-build-windows-amd64-cygwin\jdk8u65\4987\hotspot\src\share\vm\prims\jni.

Events (10 events):
Event: 0.501 Thread 0x0000000002820800 DEOPT PACKING pc=0x0000000002bbba78 sp=0x00000000026ce1b0
Event: 0.501 Thread 0x0000000002820800 DEOPT UNPACKING pc=0x000000000296582a sp=0x00000000026ce140 mode 2
Event: 0.502 loading class com/android/dx/cf/attrib/AttLocalVariableTypeTable
Event: 0.502 loading class com/android/dx/cf/attrib/AttLocalVariableTypeTable done
Event: 0.518 loading class java/util/TreeMap$EntrySet
Event: 0.518 loading class java/util/TreeMap$EntrySet done
Event: 0.518 loading class java/util/TreeMap$EntryIterator
Event: 0.518 loading class java/util/TreeMap$EntryIterator done
Event: 0.537 Executing VM operation: ForceSafepoint
Event: 0.537 Executing VM operation: ForceSafepoint done


Dynamic libraries:
0x00007ff7441c0000 - 0x00007ff7441f7000 	C:\Program Files\Java\jdk1.8.0_65\bin\java.exe
0x00007ffe3f360000 - 0x00007ffe3f522000 	C:\WINDOWS\SYSTEM32\ntdll.dll
0x00007ffe3cf30000 - 0x00007ffe3cfdd000 	C:\WINDOWS\system32\KERNEL32.DLL
0x00007ffe3c850000 - 0x00007ffe3ca2d000 	C:\WINDOWS\system32\KERNELBASE.dll
0x00007ffe3d410000 - 0x00007ffe3d4b6000 	C:\WINDOWS\system32\ADVAPI32.dll
0x00007ffe3d920000 - 0x00007ffe3d9bd000 	C:\WINDOWS\system32\msvcrt.dll
0x00007ffe3ef70000 - 0x00007ffe3efcb000 	C:\WINDOWS\system32\sechost.dll
0x00007ffe3cca0000 - 0x00007ffe3cdc6000 	C:\WINDOWS\system32\RPCRT4.dll
0x00007ffe3d570000 - 0x00007ffe3d6be000 	C:\WINDOWS\system32\USER32.dll
0x00007ffe3f010000 - 0x00007ffe3f196000 	C:\WINDOWS\system32\GDI32.dll
0x00007ffe36830000 - 0x00007ffe36aa4000 	C:\WINDOWS\WinSxS\amd64_microsoft.windows.common-controls_6595b64144ccf1df_6.0.10240.16384_none_f41f7b285750ef43\COMCTL32.dll
0x00007ffe3efd0000 - 0x00007ffe3f006000 	C:\WINDOWS\system32\IMM32.DLL
0x00007ffe3cdd0000 - 0x00007ffe3cf2c000 	C:\WINDOWS\system32\MSCTF.dll
0x000000006fd00000 - 0x000000006fdd2000 	C:\Program Files\Java\jdk1.8.0_65\jre\bin\msvcr100.dll
0x0000000070180000 - 0x0000000070a09000 	C:\Program Files\Java\jdk1.8.0_65\jre\bin\server\jvm.dll
0x00007ffe3caf0000 - 0x00007ffe3caf8000 	C:\WINDOWS\system32\PSAPI.DLL
0x00007ffe2fe80000 - 0x00007ffe2fe89000 	C:\WINDOWS\SYSTEM32\WSOCK32.dll
0x00007ffe3d9c0000 - 0x00007ffe3da29000 	C:\WINDOWS\system32\WS2_32.dll
0x00007ffe3f1a0000 - 0x00007ffe3f1a8000 	C:\WINDOWS\system32\NSI.dll
0x00007ffe39e20000 - 0x00007ffe39e43000 	C:\WINDOWS\SYSTEM32\WINMM.dll
0x00007ffe38660000 - 0x00007ffe3866a000 	C:\WINDOWS\SYSTEM32\VERSION.dll
0x00007ffe39dc0000 - 0x00007ffe39dec000 	C:\WINDOWS\SYSTEM32\WINMMBASE.dll
0x00007ffe3c7a0000 - 0x00007ffe3c7e4000 	C:\WINDOWS\system32\cfgmgr32.dll
0x00007ffe3a700000 - 0x00007ffe3a727000 	C:\WINDOWS\SYSTEM32\DEVOBJ.dll
0x0000000070170000 - 0x000000007017f000 	C:\Program Files\Java\jdk1.8.0_65\jre\bin\verify.dll
0x0000000070140000 - 0x0000000070169000 	C:\Program Files\Java\jdk1.8.0_65\jre\bin\java.dll
0x0000000070120000 - 0x0000000070136000 	C:\Program Files\Java\jdk1.8.0_65\jre\bin\zip.dll
0x00007ffe3da40000 - 0x00007ffe3ef62000 	C:\WINDOWS\system32\SHELL32.dll
0x00007ffe3c0b0000 - 0x00007ffe3c6d8000 	C:\WINDOWS\system32\windows.storage.dll
0x00007ffe3cfe0000 - 0x00007ffe3d25c000 	C:\WINDOWS\system32\combase.dll
0x00007ffe3cc40000 - 0x00007ffe3cc91000 	C:\WINDOWS\system32\shlwapi.dll
0x00007ffe3be20000 - 0x00007ffe3be2f000 	C:\WINDOWS\system32\kernel.appcore.dll
0x00007ffe3c6e0000 - 0x00007ffe3c793000 	C:\WINDOWS\system32\shcore.dll
0x00007ffe3bdd0000 - 0x00007ffe3be1a000 	C:\WINDOWS\system32\powrprof.dll
0x00007ffe3bd90000 - 0x00007ffe3bda3000 	C:\WINDOWS\system32\profapi.dll

VM Arguments:
jvm_args: -Djava.awt.headless=true -Xmx1024M -Dfile.encoding=windows-1252 -Duser.country=GB -Duser.language=en -Duser.variant 
java_command: com.android.dx.command.Main --dex --num-threads=4 --output C:\Users\Numan\AndroidStudioProjects\BrainTraining\app\build\intermediates\pre-dexed\debug\debug_108839973244ef9a697cd0310ca5dcd8a33ef720.jar C:\Users\Numan\AndroidStudioProjects\BrainTraining\app\build\intermediates\classes\debug
java_class_path (initial): C:\Users\Numan\AppData\Local\Android\sdk\build-tools\23.0.2\lib\dx.jar
Launcher Type: SUN_STANDARD

Environment Variables:
PATH=C:\Program Files (x86)\Razer Chroma SDK\bin;C:\Program Files\Razer Chroma SDK\bin;C:\ProgramData\Oracle\Java\javapath;C:\Program Files (x86)\Intel\iCLS Client\;C:\Program Files\Intel\iCLS Client\;C:\Windows\system32;C:\Windows;C:\Windows\System32\Wbem;C:\Windows\System32\WindowsPowerShell\v1.0\;C:\Program Files (x86)\NVIDIA Corporation\PhysX\Common;C:\WINDOWS\system32;C:\WINDOWS;C:\WINDOWS\System32\Wbem;C:\WINDOWS\System32\WindowsPowerShell\v1.0\;C:\Program Files\Intel\Intel(R) Management Engine Components\DAL;C:\Program Files\Intel\Intel(R) Management Engine Components\IPT;C:\Program Files (x86)\Skype\Phone\;C:\WINDOWS\system32\config\systemprofile\.dnx\bin;C:\Program Files\Microsoft DNX\Dnvm\
USERNAME=Numan
OS=Windows_NT
PROCESSOR_IDENTIFIER=Intel64 Family 6 Model 60 Stepping 3, GenuineIntel



---------------  S Y S T E M  ---------------

OS: Windows 10.0 , 64 bit Build 10240 (10.0.10240.16384)

CPU:total 4 (4 cores per cpu, 1 threads per core) family 6 model 60 stepping 3, cmov, cx8, fxsr, mmx, sse, sse2, sse3, ssse3, sse4.1, sse4.2, popcnt, avx, avx2, aes, clmul, erms, lzcnt, tsc, tscinvbit, bmi1, bmi2

Memory: 4k page, physical 16702552k(7262116k free), swap 17751128k(5380k free)

vm_info: Java HotSpot(TM) 64-Bit Server VM (25.65-b01) for windows-amd64 JRE (1.8.0_65-b17), built on Oct  6 2015 16:39:20 by "java_re" with MS VC++ 10.0 (VS2010)

time: Thu Mar 03 21:58:06 2016
elapsed time: 0 seconds (0d 0h 0m 0s)

