#
# There is insufficient memory for the Java Runtime Environment to continue.
# Native memory allocation (malloc) failed to allocate 65552 bytes for Chunk::new
# Possible reasons:
#   The system is out of physical RAM or swap space
#   In 32 bit mode, the process size limit was hit
# Possible solutions:
#   Reduce memory load on the system
#   Increase physical memory or swap space
#   Check if swap backing store is full
#   Use 64 bit Java on a 64 bit OS
#   Decrease Java heap size (-Xmx/-Xms)
#   Decrease number of Java threads
#   Decrease Java thread stack sizes (-Xss)
#   Set larger code cache with -XX:ReservedCodeCacheSize=
# This output file may be truncated or incomplete.
#
#  Out of Memory Error (allocation.cpp:390), pid=16476, tid=17272
#
# JRE version: Java(TM) SE Runtime Environment (8.0_65-b17) (build 1.8.0_65-b17)
# Java VM: Java HotSpot(TM) 64-Bit Server VM (25.65-b01 mixed mode windows-amd64 compressed oops)
# Failed to write core dump. Minidumps are not enabled by default on client versions of Windows
#

---------------  T H R E A D  ---------------

Current thread (0x000000001475b800):  JavaThread "C2 CompilerThread0" daemon [_thread_in_native, id=17272, stack(0x0000000015db0000,0x0000000015eb0000)]

Stack: [0x0000000015db0000,0x0000000015eb0000]
[error occurred during error reporting (printing stack bounds), id 0xc0000005]

Native frames: (J=compiled Java code, j=interpreted, Vv=VM code, C=native code)


Current CompileTask:
C2:   1460 1678       4       com.android.dx.ssa.SsaBasicBlock::newFromRop (183 bytes)


---------------  P R O C E S S  ---------------

Java Threads: ( => current thread )
  0x0000000016355000 JavaThread "pool-1-thread-4" [_thread_in_Java, id=15820, stack(0x0000000016ab0000,0x0000000016bb0000)]
  0x0000000016353000 JavaThread "pool-1-thread-3" [_thread_in_Java, id=10936, stack(0x00000000169b0000,0x0000000016ab0000)]
  0x0000000016348000 JavaThread "pool-1-thread-2" [_thread_in_vm, id=16836, stack(0x00000000168b0000,0x00000000169b0000)]
  0x000000001630f000 JavaThread "pool-2-thread-1" [_thread_blocked, id=7216, stack(0x00000000167b0000,0x00000000168b0000)]
  0x0000000016308000 JavaThread "pool-1-thread-1" [_thread_in_Java, id=16740, stack(0x00000000166b0000,0x00000000167b0000)]
  0x00000000147be800 JavaThread "Service Thread" daemon [_thread_blocked, id=14872, stack(0x00000000164b0000,0x00000000165b0000)]
  0x00000000147b5000 JavaThread "C1 CompilerThread2" daemon [_thread_blocked, id=14016, stack(0x0000000015fb0000,0x00000000160b0000)]
  0x00000000147a2000 JavaThread "C2 CompilerThread1" daemon [_thread_in_native, id=15760, stack(0x0000000015eb0000,0x0000000015fb0000)]
=>0x000000001475b800 JavaThread "C2 CompilerThread0" daemon [_thread_in_native, id=17272, stack(0x0000000015db0000,0x0000000015eb0000)]
  0x0000000014759800 JavaThread "Attach Listener" daemon [_thread_blocked, id=17284, stack(0x0000000015cb0000,0x0000000015db0000)]
  0x0000000014758000 JavaThread "Signal Dispatcher" daemon [_thread_blocked, id=15912, stack(0x0000000015bb0000,0x0000000015cb0000)]
  0x0000000002061000 JavaThread "Finalizer" daemon [_thread_blocked, id=16676, stack(0x00000000159c0000,0x0000000015ac0000)]
  0x000000000205e000 JavaThread "Reference Handler" daemon [_thread_blocked, id=2168, stack(0x00000000158c0000,0x00000000159c0000)]
  0x0000000001f70800 JavaThread "main" [_thread_in_vm, id=15856, stack(0x0000000001e40000,0x0000000001f40000)]

Other Threads:
  0x0000000014728000 VMThread [stack: 0x00000000157c0000,0x00000000158c0000] [id=16556]
  0x00000000160bf800 WatcherThread [stack: 0x00000000165b0000,0x00000000166b0000] [id=16576]

VM state:not at safepoint (normal execution)

VM Mutex/Monitor currently owned by a thread: None

Heap:
 PSYoungGen      total 76288K, used 74366K [0x00000000eab00000, 0x00000000f0000000, 0x0000000100000000)
  eden space 65536K, 97% used [0x00000000eab00000,0x00000000ee96d618,0x00000000eeb00000)
  from space 10752K, 97% used [0x00000000eeb00000,0x00000000ef5322d8,0x00000000ef580000)
  to   space 10752K, 0% used [0x00000000ef580000,0x00000000ef580000,0x00000000f0000000)
 ParOldGen       total 175104K, used 16K [0x00000000c0000000, 0x00000000cab00000, 0x00000000eab00000)
  object space 175104K, 0% used [0x00000000c0000000,0x00000000c0004000,0x00000000cab00000)
 Metaspace       used 6333K, capacity 7128K, committed 7424K, reserved 1056768K
  class space    used 624K, capacity 656K, committed 768K, reserved 1048576K

Card table byte_map: [0x0000000011430000,0x0000000011640000] byte_map_base: 0x0000000010e30000

Marking Bits: (ParMarkBitMap*) 0x000000005409a5b0
 Begin Bits: [0x0000000011ba0000, 0x0000000012ba0000)
 End Bits:   [0x0000000012ba0000, 0x0000000013ba0000)

Polling page: 0x0000000001e00000

CodeCache: size=245760Kb used=6744Kb max_used=6760Kb free=239015Kb
 bounds [0x0000000002070000, 0x0000000002720000, 0x0000000011070000]
 total_blobs=1923 nmethods=1654 adapters=182
 compilation: enabled

Compilation events (10 events):
Event: 1.372 Thread 0x000000001475b800 nmethod 1517 0x00000000026fa2d0 code [0x00000000026fa460, 0x00000000026faba8]
Event: 1.372 Thread 0x000000001475b800 1460 %     4       com.android.dx.ssa.SsaMethod::computeReachability @ 8 (131 bytes)
Event: 1.396 Thread 0x000000001475b800 nmethod 1460% 0x000000000270a890 code [0x000000000270aa60, 0x000000000270b8d8]
Event: 1.396 Thread 0x000000001475b800 1601       4       com.android.dx.ssa.SsaRenamer$BlockRenamer::process (191 bytes)
Event: 1.434 Thread 0x000000001475b800 nmethod 1601 0x000000000270ca90 code [0x000000000270cd20, 0x000000000270e4a0]
Event: 1.435 Thread 0x000000001475b800 1322       4       com.android.dx.rop.code.InsnList::get (9 bytes)
Event: 1.435 Thread 0x000000001475b800 nmethod 1322 0x00000000026f9f50 code [0x00000000026fa0a0, 0x00000000026fa198]
Event: 1.435 Thread 0x000000001475b800 1505       4       com.android.dx.ssa.SsaInsn::<init> (29 bytes)
Event: 1.436 Thread 0x000000001475b800 nmethod 1505 0x000000000263e050 code [0x000000000263e180, 0x000000000263e218]
Event: 1.453 Thread 0x000000001475b800 1678       4       com.android.dx.ssa.SsaBasicBlock::newFromRop (183 bytes)

GC Heap History (2 events):
Event: 1.065 GC heap before
{Heap before GC invocations=1 (full 0):
 PSYoungGen      total 76288K, used 65536K [0x00000000eab00000, 0x00000000f0000000, 0x0000000100000000)
  eden space 65536K, 100% used [0x00000000eab00000,0x00000000eeb00000,0x00000000eeb00000)
  from space 10752K, 0% used [0x00000000ef580000,0x00000000ef580000,0x00000000f0000000)
  to   space 10752K, 0% used [0x00000000eeb00000,0x00000000eeb00000,0x00000000ef580000)
 ParOldGen       total 175104K, used 0K [0x00000000c0000000, 0x00000000cab00000, 0x00000000eab00000)
  object space 175104K, 0% used [0x00000000c0000000,0x00000000c0000000,0x00000000cab00000)
 Metaspace       used 6210K, capacity 7064K, committed 7424K, reserved 1056768K
  class space    used 619K, capacity 656K, committed 768K, reserved 1048576K
Event: 1.125 GC heap after
Heap after GC invocations=1 (full 0):
 PSYoungGen      total 76288K, used 10440K [0x00000000eab00000, 0x00000000f0000000, 0x0000000100000000)
  eden space 65536K, 0% used [0x00000000eab00000,0x00000000eab00000,0x00000000eeb00000)
  from space 10752K, 97% used [0x00000000eeb00000,0x00000000ef5322d8,0x00000000ef580000)
  to   space 10752K, 0% used [0x00000000ef580000,0x00000000ef580000,0x00000000f0000000)
 ParOldGen       total 175104K, used 16K [0x00000000c0000000, 0x00000000cab00000, 0x00000000eab00000)
  object space 175104K, 0% used [0x00000000c0000000,0x00000000c0004000,0x00000000cab00000)
 Metaspace       used 6210K, capacity 7064K, committed 7424K, reserved 1056768K
  class space    used 619K, capacity 656K, committed 768K, reserved 1048576K
}

Deoptimization events (10 events):
Event: 0.967 Thread 0x0000000016348000 Uncommon trap: reason=unstable_if action=reinterpret pc=0x000000000255dfe0 method=com.android.dx.ssa.SCCP.simulateStmt(Lcom/android/dx/ssa/SsaInsn;)V @ 53
Event: 1.021 Thread 0x0000000016348000 Uncommon trap: reason=null_check action=make_not_entrant pc=0x0000000002433604 method=com.android.dx.ssa.SsaRenamer.getLocalForNewReg(I)Lcom/android/dx/rop/code/LocalItem; @ 19
Event: 1.055 Thread 0x0000000016355000 Uncommon trap: reason=unstable_if action=reinterpret pc=0x00000000023b467c method=java.util.HashMap.putVal(ILjava/lang/Object;Ljava/lang/Object;ZZ)Ljava/lang/Object; @ 162
Event: 1.057 Thread 0x0000000016355000 Uncommon trap: reason=unstable_if action=reinterpret pc=0x000000000260cfe8 method=java.util.HashMap.getNode(ILjava/lang/Object;)Ljava/util/HashMap$Node; @ 84
Event: 1.163 Thread 0x0000000016353000 Uncommon trap: reason=unstable_if action=reinterpret pc=0x00000000025f577c method=java.util.HashMap.getNode(ILjava/lang/Object;)Ljava/util/HashMap$Node; @ 84
Event: 1.191 Thread 0x0000000016348000 Uncommon trap: reason=unstable_if action=reinterpret pc=0x00000000024bb2b8 method=com.android.dx.cf.code.Ropper.labelToResultIndex(I)I @ 34
Event: 1.211 Thread 0x0000000016353000 Uncommon trap: reason=unstable_if action=reinterpret pc=0x000000000249eb3c method=com.android.dx.util.IntList.binarysearch(I)I @ 105
Event: 1.273 Thread 0x0000000016355000 Uncommon trap: reason=unstable_if action=reinterpret pc=0x0000000002596334 method=java.util.HashMap.putVal(ILjava/lang/Object;Ljava/lang/Object;ZZ)Ljava/lang/Object; @ 162
Event: 1.302 Thread 0x0000000016353000 Uncommon trap: reason=class_check action=maybe_recompile pc=0x00000000026b1cdc method=com.android.dx.rop.code.RegisterSpec.withSimpleType()Lcom/android/dx/rop/code/RegisterSpec; @ 21
Event: 1.302 Thread 0x0000000016353000 Uncommon trap: reason=class_check action=maybe_recompile pc=0x00000000026b1cdc method=com.android.dx.rop.code.RegisterSpec.withSimpleType()Lcom/android/dx/rop/code/RegisterSpec; @ 21

Internal exceptions (7 events):
Event: 0.042 Thread 0x0000000001f70800 Exception <a 'java/lang/NoSuchMethodError': Method sun.misc.Unsafe.defineClass(Ljava/lang/String;[BII)Ljava/lang/Class; name or signature does not match> (0x00000000eab0d6d0) thrown at [C:\workspace\8-2-build-windows-amd64-cygwin\jdk8u65\4987\hotspot\src\s6Bªui¥?
Event: 0.042 Thread 0x0000000001f70800 Exception <a 'java/lang/NoSuchMethodError': Method sun.misc.Unsafe.prefetchRead(Ljava/lang/Object;J)V name or signature does not match> (0x00000000eab0d9b8) thrown at [C:\workspace\8-2-build-windows-amd64-cygwin\jdk8u65\4987\hotspot\src\share\vm\prims\jni.âxú(\å?
Event: 0.668 Thread 0x0000000016308000 Implicit null exception at 0x00000000023df262 to 0x00000000023df35a
Event: 1.021 Thread 0x0000000016348000 Implicit null exception at 0x00000000024327c4 to 0x00000000024335d1
Event: 1.056 Thread 0x0000000016355000 Exception <a 'java/lang/ArrayIndexOutOfBoundsException': 18> (0x00000000eea303e0) thrown at [C:\workspace\8-2-build-windows-amd64-cygwin\jdk8u65\4987\hotspot\src\share\vm\interpreter\interpreterRuntime.cpp, line 366]
Event: 1.056 Thread 0x0000000016355000 Exception <a 'java/lang/ArrayIndexOutOfBoundsException': 145> (0x00000000eea31f60) thrown at [C:\workspace\8-2-build-windows-amd64-cygwin\jdk8u65\4987\hotspot\src\share\vm\interpreter\interpreterRuntime.cpp, line 366]
Event: 1.057 Thread 0x0000000016355000 Exception <a 'java/lang/ArrayIndexOutOfBoundsException': 40> (0x00000000eea33248) thrown at [C:\workspace\8-2-build-windows-amd64-cygwin\jdk8u65\4987\hotspot\src\share\vm\interpreter\interpreterRuntime.cpp, line 366]

Events (10 events):
Event: 1.302 Thread 0x0000000016353000 Uncommon trap: trap_request=0xffffffde fr.pc=0x00000000026b1cdc
Event: 1.302 Thread 0x0000000016353000 DEOPT PACKING pc=0x00000000026b1cdc sp=0x0000000016aae8a0
Event: 1.302 Thread 0x0000000016353000 DEOPT UNPACKING pc=0x00000000020b582a sp=0x0000000016aae808 mode 2
Event: 1.302 Thread 0x0000000016353000 Uncommon trap: trap_request=0xffffffde fr.pc=0x00000000026b1cdc
Event: 1.302 Thread 0x0000000016353000 DEOPT PACKING pc=0x00000000026b1cdc sp=0x0000000016aae8a0
Event: 1.302 Thread 0x0000000016353000 DEOPT UNPACKING pc=0x00000000020b582a sp=0x0000000016aae808 mode 2
Event: 1.315 Thread 0x0000000016308000 DEOPT PACKING pc=0x0000000002444a53 sp=0x00000000167ae850
Event: 1.315 Thread 0x0000000016308000 DEOPT UNPACKING pc=0x00000000020b787f sp=0x00000000167ae618 mode 0
Event: 1.335 Thread 0x0000000001f70800 DEOPT PACKING pc=0x0000000002444a53 sp=0x0000000001f3e090
Event: 1.335 Thread 0x0000000001f70800 DEOPT UNPACKING pc=0x00000000020b787f sp=0x0000000001f3de58 mode 0


Dynamic libraries:
0x00007ff6bfff0000 - 0x00007ff6c0027000 	C:\Program Files\Java\jdk1.8.0_65\bin\java.exe
0x00007ffd13120000 - 0x00007ffd132e2000 	C:\WINDOWS\SYSTEM32\ntdll.dll
0x00007ffd12c80000 - 0x00007ffd12d2d000 	C:\WINDOWS\system32\KERNEL32.DLL
0x00007ffd0fe10000 - 0x00007ffd0ffed000 	C:\WINDOWS\system32\KERNELBASE.dll
0x00007ffd11200000 - 0x00007ffd112a6000 	C:\WINDOWS\system32\ADVAPI32.dll
0x00007ffd11160000 - 0x00007ffd111fd000 	C:\WINDOWS\system32\msvcrt.dll
0x00007ffd12c20000 - 0x00007ffd12c7b000 	C:\WINDOWS\system32\sechost.dll
0x00007ffd12d30000 - 0x00007ffd12e56000 	C:\WINDOWS\system32\RPCRT4.dll
0x00007ffd12ac0000 - 0x00007ffd12c0e000 	C:\WINDOWS\system32\USER32.dll
0x00007ffd107f0000 - 0x00007ffd10976000 	C:\WINDOWS\system32\GDI32.dll
0x00007ffd09d00000 - 0x00007ffd09f74000 	C:\WINDOWS\WinSxS\amd64_microsoft.windows.common-controls_6595b64144ccf1df_6.0.10240.16384_none_f41f7b285750ef43\COMCTL32.dll
0x00007ffd12e60000 - 0x00007ffd12e96000 	C:\WINDOWS\system32\IMM32.DLL
0x00007ffd10ef0000 - 0x00007ffd1104c000 	C:\WINDOWS\system32\MSCTF.dll
0x0000000053410000 - 0x00000000534e2000 	C:\Program Files\Java\jdk1.8.0_65\jre\bin\msvcr100.dll
0x0000000053890000 - 0x0000000054119000 	C:\Program Files\Java\jdk1.8.0_65\jre\bin\server\jvm.dll
0x00007ffd12c10000 - 0x00007ffd12c18000 	C:\WINDOWS\system32\PSAPI.DLL
0x00007ffd062a0000 - 0x00007ffd062a9000 	C:\WINDOWS\SYSTEM32\WSOCK32.dll
0x00007ffd112b0000 - 0x00007ffd11319000 	C:\WINDOWS\system32\WS2_32.dll
0x00007ffd10cb0000 - 0x00007ffd10cb8000 	C:\WINDOWS\system32\NSI.dll
0x00007ffd0e180000 - 0x00007ffd0e1a3000 	C:\WINDOWS\SYSTEM32\WINMM.dll
0x00007ffd0b600000 - 0x00007ffd0b60a000 	C:\WINDOWS\SYSTEM32\VERSION.dll
0x00007ffd0df30000 - 0x00007ffd0df5c000 	C:\WINDOWS\SYSTEM32\WINMMBASE.dll
0x00007ffd0fd10000 - 0x00007ffd0fd54000 	C:\WINDOWS\system32\cfgmgr32.dll
0x00007ffd0e4c0000 - 0x00007ffd0e4e7000 	C:\WINDOWS\SYSTEM32\DEVOBJ.dll
0x0000000053880000 - 0x000000005388f000 	C:\Program Files\Java\jdk1.8.0_65\jre\bin\verify.dll
0x0000000053850000 - 0x0000000053879000 	C:\Program Files\Java\jdk1.8.0_65\jre\bin\java.dll
0x0000000053830000 - 0x0000000053846000 	C:\Program Files\Java\jdk1.8.0_65\jre\bin\zip.dll
0x00007ffd11590000 - 0x00007ffd12ab2000 	C:\WINDOWS\system32\SHELL32.dll
0x00007ffd0fff0000 - 0x00007ffd10618000 	C:\WINDOWS\system32\windows.storage.dll
0x00007ffd12ea0000 - 0x00007ffd1311c000 	C:\WINDOWS\system32\combase.dll
0x00007ffd10e90000 - 0x00007ffd10ee1000 	C:\WINDOWS\system32\shlwapi.dll
0x00007ffd0fbe0000 - 0x00007ffd0fbef000 	C:\WINDOWS\system32\kernel.appcore.dll
0x00007ffd0fbf0000 - 0x00007ffd0fca3000 	C:\WINDOWS\system32\shcore.dll
0x00007ffd0fb90000 - 0x00007ffd0fbda000 	C:\WINDOWS\system32\powrprof.dll
0x00007ffd0fb70000 - 0x00007ffd0fb83000 	C:\WINDOWS\system32\profapi.dll

VM Arguments:
jvm_args: -Djava.awt.headless=true -Xmx1024M -Dfile.encoding=windows-1252 -Duser.country=GB -Duser.language=en -Duser.variant 
java_command: com.android.dx.command.Main --dex --num-threads=4 --output C:\Users\Numan\AndroidStudioProjects\BrainTraining\app\build\intermediates\pre-dexed\debug\com.android.support-recyclerview-v7-23.1.1_65764769ef799bb9ebedbd08f9c0a828bc7c6da7.jar C:\Users\Numan\AndroidStudioProjects\BrainTraining\app\build\intermediates\exploded-aar\com.android.support\recyclerview-v7\23.1.1\jars\classes.jar
java_class_path (initial): C:\Users\Numan\AppData\Local\Android\sdk\build-tools\23.0.2\lib\dx.jar
Launcher Type: SUN_STANDARD

Environment Variables:
PATH=C:\Program Files (x86)\Razer Chroma SDK\bin;C:\Program Files\Razer Chroma SDK\bin;C:\ProgramData\Oracle\Java\javapath;C:\Program Files (x86)\Intel\iCLS Client\;C:\Program Files\Intel\iCLS Client\;C:\Windows\system32;C:\Windows;C:\Windows\System32\Wbem;C:\Windows\System32\WindowsPowerShell\v1.0\;C:\Program Files (x86)\NVIDIA Corporation\PhysX\Common;C:\WINDOWS\system32;C:\WINDOWS;C:\WINDOWS\System32\Wbem;C:\WINDOWS\System32\WindowsPowerShell\v1.0\;C:\Program Files\Intel\Intel(R) Management Engine Components\DAL;C:\Program Files\Intel\Intel(R) Management Engine Components\IPT;C:\Program Files (x86)\Skype\Phone\;C:\WINDOWS\system32\config\systemprofile\.dnx\bin;C:\Program Files\Microsoft DNX\Dnvm\
USERNAME=Numan
OS=Windows_NT
PROCESSOR_IDENTIFIER=Intel64 Family 6 Model 60 Stepping 3, GenuineIntel



---------------  S Y S T E M  ---------------

OS: Windows 10.0 , 64 bit Build 10240 (10.0.10240.16384)

CPU:total 4 (4 cores per cpu, 1 threads per core) family 6 model 60 stepping 3, cmov, cx8, fxsr, mmx, sse, sse2, sse3, ssse3, sse4.1, sse4.2, popcnt, avx, avx2, aes, clmul, erms, lzcnt, tsc, tscinvbit, bmi1, bmi2

Memory: 4k page, physical 16702552k(7238644k free), swap 17751128k(5132k free)

vm_info: Java HotSpot(TM) 64-Bit Server VM (25.65-b01) for windows-amd64 JRE (1.8.0_65-b17), built on Oct  6 2015 16:39:20 by "java_re" with MS VC++ 10.0 (VS2010)

time: Tue Feb 23 23:11:10 2016
elapsed time: 1 seconds (0d 0h 0m 1s)

