#
# There is insufficient memory for the Java Runtime Environment to continue.
# Native memory allocation (malloc) failed to allocate 511056 bytes for Chunk::new
# Possible reasons:
#   The system is out of physical RAM or swap space
#   In 32 bit mode, the process size limit was hit
# Possible solutions:
#   Reduce memory load on the system
#   Increase physical memory or swap space
#   Check if swap backing store is full
#   Use 64 bit Java on a 64 bit OS
#   Decrease Java heap size (-Xmx/-Xms)
#   Decrease number of Java threads
#   Decrease Java thread stack sizes (-Xss)
#   Set larger code cache with -XX:ReservedCodeCacheSize=
# This output file may be truncated or incomplete.
#
#  Out of Memory Error (allocation.cpp:390), pid=15608, tid=16648
#
# JRE version: Java(TM) SE Runtime Environment (8.0_65-b17) (build 1.8.0_65-b17)
# Java VM: Java HotSpot(TM) 64-Bit Server VM (25.65-b01 mixed mode windows-amd64 compressed oops)
# Failed to write core dump. Minidumps are not enabled by default on client versions of Windows
#

---------------  T H R E A D  ---------------

Current thread (0x00000000154b1000):  JavaThread "C2 CompilerThread1" daemon [_thread_in_native, id=16648, stack(0x0000000016c00000,0x0000000016d00000)]

Stack: [0x0000000016c00000,0x0000000016d00000]
[error occurred during error reporting (printing stack bounds), id 0xc0000005]

Native frames: (J=compiled Java code, j=interpreted, Vv=VM code, C=native code)


Current CompileTask:
C2:    595 1312       4       com.android.dx.ssa.LiteralOpUpgrader$1::visitNonMoveInsn (203 bytes)


---------------  P R O C E S S  ---------------

Java Threads: ( => current thread )
  0x000000001706b800 JavaThread "pool-1-thread-4" [_thread_in_Java, id=15468, stack(0x0000000017800000,0x0000000017900000)]
  0x0000000017056800 JavaThread "pool-1-thread-3" [_thread_blocked, id=14784, stack(0x0000000017700000,0x0000000017800000)]
  0x0000000017055800 JavaThread "pool-1-thread-2" [_thread_blocked, id=5892, stack(0x0000000017600000,0x0000000017700000)]
  0x0000000017053800 JavaThread "pool-2-thread-1" [_thread_blocked, id=16128, stack(0x0000000017500000,0x0000000017600000)]
  0x00000000170c5800 JavaThread "pool-1-thread-1" [_thread_blocked, id=12896, stack(0x0000000017400000,0x0000000017500000)]
  0x000000001550e800 JavaThread "Service Thread" daemon [_thread_blocked, id=11156, stack(0x0000000017200000,0x0000000017300000)]
  0x00000000154b7800 JavaThread "C1 CompilerThread2" daemon [_thread_blocked, id=11876, stack(0x0000000016d00000,0x0000000016e00000)]
=>0x00000000154b1000 JavaThread "C2 CompilerThread1" daemon [_thread_in_native, id=16648, stack(0x0000000016c00000,0x0000000016d00000)]
  0x00000000154ab800 JavaThread "C2 CompilerThread0" daemon [_thread_in_native, id=13900, stack(0x0000000016b00000,0x0000000016c00000)]
  0x00000000154aa000 JavaThread "Attach Listener" daemon [_thread_blocked, id=16664, stack(0x0000000016a00000,0x0000000016b00000)]
  0x00000000154a9000 JavaThread "Signal Dispatcher" daemon [_thread_blocked, id=16604, stack(0x0000000016900000,0x0000000016a00000)]
  0x0000000002dd9000 JavaThread "Finalizer" daemon [_thread_blocked, id=13240, stack(0x0000000016720000,0x0000000016820000)]
  0x0000000015479000 JavaThread "Reference Handler" daemon [_thread_blocked, id=16880, stack(0x0000000016620000,0x0000000016720000)]
  0x0000000002ce0800 JavaThread "main" [_thread_in_Java, id=17160, stack(0x0000000002be0000,0x0000000002ce0000)]

Other Threads:
  0x0000000015477800 VMThread [stack: 0x0000000016520000,0x0000000016620000] [id=14216]
  0x00000000154ee800 WatcherThread [stack: 0x0000000017300000,0x0000000017400000] [id=15564]

VM state:not at safepoint (normal execution)

VM Mutex/Monitor currently owned by a thread: None

Heap:
 PSYoungGen      total 76288K, used 48758K [0x00000000eab00000, 0x00000000f0000000, 0x0000000100000000)
  eden space 65536K, 74% used [0x00000000eab00000,0x00000000eda9db30,0x00000000eeb00000)
  from space 10752K, 0% used [0x00000000ef580000,0x00000000ef580000,0x00000000f0000000)
  to   space 10752K, 0% used [0x00000000eeb00000,0x00000000eeb00000,0x00000000ef580000)
 ParOldGen       total 175104K, used 0K [0x00000000c0000000, 0x00000000cab00000, 0x00000000eab00000)
  object space 175104K, 0% used [0x00000000c0000000,0x00000000c0000000,0x00000000cab00000)
 Metaspace       used 6051K, capacity 6960K, committed 7040K, reserved 1056768K
  class space    used 596K, capacity 616K, committed 640K, reserved 1048576K

Card table byte_map: [0x00000000121a0000,0x00000000123b0000] byte_map_base: 0x0000000011ba0000

Marking Bits: (ParMarkBitMap*) 0x000000005409a5b0
 Begin Bits: [0x0000000012910000, 0x0000000013910000)
 End Bits:   [0x0000000013910000, 0x0000000014910000)

Polling page: 0x0000000001360000

CodeCache: size=245760Kb used=5463Kb max_used=5463Kb free=240296Kb
 bounds [0x0000000002de0000, 0x0000000003340000, 0x0000000011de0000]
 total_blobs=1639 nmethods=1370 adapters=182
 compilation: enabled

Compilation events (10 events):
Event: 0.592 Thread 0x00000000154b7800 nmethod 1369 0x0000000003335490 code [0x0000000003335680, 0x0000000003336158]
Event: 0.592 Thread 0x00000000154b7800 1370       3       java.util.concurrent.locks.AbstractQueuedSynchronizer$ConditionObject::signal (33 bytes)
Event: 0.593 Thread 0x00000000154b7800 nmethod 1370 0x0000000003336690 code [0x0000000003336820, 0x0000000003336b88]
Event: 0.593 Thread 0x00000000154b7800 1371       3       java.util.concurrent.locks.ReentrantLock$Sync::isHeldExclusively (16 bytes)
Event: 0.593 Thread 0x00000000154b7800 nmethod 1371 0x0000000003336cd0 code [0x0000000003336e40, 0x00000000033370b0]
Event: 0.593 Thread 0x00000000154b7800 1372       1       com.android.dx.rop.code.Insn$BaseVisitor::visitThrowingCstInsn (1 bytes)
Event: 0.593 Thread 0x00000000154b7800 nmethod 1372 0x0000000003337110 code [0x0000000003337260, 0x0000000003337370]
Event: 0.594 Thread 0x00000000154b7800 1373       3       sun.util.calendar.CalendarDate::setNormalized (6 bytes)
Event: 0.594 Thread 0x00000000154b7800 nmethod 1373 0x00000000033373d0 code [0x0000000003337520, 0x0000000003337670]
Event: 0.594 Thread 0x00000000154b7800 1374       3       com.android.dx.dex.cf.AttributeTranslator::getAnnotations0 (62 bytes)

GC Heap History (0 events):
No events

Deoptimization events (7 events):
Event: 0.280 Thread 0x0000000017056800 Uncommon trap: reason=unstable_if action=reinterpret pc=0x0000000003053e34 method=java.util.BitSet.ensureCapacity(I)V @ 6
Event: 0.280 Thread 0x0000000017056800 Uncommon trap: reason=unstable_if action=reinterpret pc=0x0000000002fe16f0 method=java.util.BitSet.nextSetBit(I)I @ 87
Event: 0.284 Thread 0x0000000017056800 Uncommon trap: reason=unstable_if action=reinterpret pc=0x0000000002fe23e4 method=java.util.HashMap.getNode(ILjava/lang/Object;)Ljava/util/HashMap$Node; @ 129
Event: 0.309 Thread 0x00000000170c5800 Uncommon trap: reason=unstable_if action=reinterpret pc=0x000000000307b19c method=com.android.dx.rop.code.LocalItem.hashCode()I @ 25
Event: 0.324 Thread 0x0000000017056800 Uncommon trap: reason=unstable_if action=reinterpret pc=0x00000000030ada1c method=com.android.dx.rop.cst.Constant.compareTo(Lcom/android/dx/rop/cst/Constant;)I @ 12
Event: 0.330 Thread 0x00000000170c5800 Uncommon trap: reason=unstable_if action=reinterpret pc=0x00000000030c2138 method=com.android.dx.rop.code.LocalItem.hashCode()I @ 25
Event: 0.330 Thread 0x0000000017056800 Uncommon trap: reason=unstable_if action=reinterpret pc=0x0000000002fe406c method=java.util.HashMap.getNode(ILjava/lang/Object;)Ljava/util/HashMap$Node; @ 129

Internal exceptions (2 events):
Event: 0.028 Thread 0x0000000002ce0800 Exception <a 'java/lang/NoSuchMethodError': Method sun.misc.Unsafe.defineClass(Ljava/lang/String;[BII)Ljava/lang/Class; name or signature does not match> (0x00000000eab0d368) thrown at [C:\workspace\8-2-build-windows-amd64-cygwin\jdk8u65\4987\hotspot\src\s&VGóùòœ?
Event: 0.028 Thread 0x0000000002ce0800 Exception <a 'java/lang/NoSuchMethodError': Method sun.misc.Unsafe.prefetchRead(Ljava/lang/Object;J)V name or signature does not match> (0x00000000eab0d650) thrown at [C:\workspace\8-2-build-windows-amd64-cygwin\jdk8u65\4987\hotspot\src\share\vm\prims\jni.

Events (10 events):
Event: 0.330 Thread 0x0000000017056800 DEOPT PACKING pc=0x0000000002fe406c sp=0x00000000177fe910
Event: 0.330 Thread 0x0000000017056800 DEOPT UNPACKING pc=0x0000000002e2582a sp=0x00000000177fe830 mode 2
Event: 0.342 loading class java/util/TreeMap$EntrySet
Event: 0.342 loading class java/util/TreeMap$EntrySet done
Event: 0.343 loading class java/util/TreeMap$EntryIterator
Event: 0.343 loading class java/util/TreeMap$EntryIterator done
Event: 0.343 Executing VM operation: Deoptimize
Event: 0.343 Executing VM operation: Deoptimize done
Event: 0.565 Executing VM operation: ForceSafepoint
Event: 0.565 Executing VM operation: ForceSafepoint done


Dynamic libraries:
0x00007ff6bfff0000 - 0x00007ff6c0027000 	C:\Program Files\Java\jdk1.8.0_65\bin\java.exe
0x00007ffd13120000 - 0x00007ffd132e2000 	C:\WINDOWS\SYSTEM32\ntdll.dll
0x00007ffd12c80000 - 0x00007ffd12d2d000 	C:\WINDOWS\system32\KERNEL32.DLL
0x00007ffd0fe10000 - 0x00007ffd0ffed000 	C:\WINDOWS\system32\KERNELBASE.dll
0x00007ffd11200000 - 0x00007ffd112a6000 	C:\WINDOWS\system32\ADVAPI32.dll
0x00007ffd11160000 - 0x00007ffd111fd000 	C:\WINDOWS\system32\msvcrt.dll
0x00007ffd12c20000 - 0x00007ffd12c7b000 	C:\WINDOWS\system32\sechost.dll
0x00007ffd12d30000 - 0x00007ffd12e56000 	C:\WINDOWS\system32\RPCRT4.dll
0x00007ffd12ac0000 - 0x00007ffd12c0e000 	C:\WINDOWS\system32\USER32.dll
0x00007ffd107f0000 - 0x00007ffd10976000 	C:\WINDOWS\system32\GDI32.dll
0x00007ffd09d00000 - 0x00007ffd09f74000 	C:\WINDOWS\WinSxS\amd64_microsoft.windows.common-controls_6595b64144ccf1df_6.0.10240.16384_none_f41f7b285750ef43\COMCTL32.dll
0x00007ffd12e60000 - 0x00007ffd12e96000 	C:\WINDOWS\system32\IMM32.DLL
0x00007ffd10ef0000 - 0x00007ffd1104c000 	C:\WINDOWS\system32\MSCTF.dll
0x0000000053410000 - 0x00000000534e2000 	C:\Program Files\Java\jdk1.8.0_65\jre\bin\msvcr100.dll
0x0000000053890000 - 0x0000000054119000 	C:\Program Files\Java\jdk1.8.0_65\jre\bin\server\jvm.dll
0x00007ffd12c10000 - 0x00007ffd12c18000 	C:\WINDOWS\system32\PSAPI.DLL
0x00007ffd0e180000 - 0x00007ffd0e1a3000 	C:\WINDOWS\SYSTEM32\WINMM.dll
0x00007ffd062a0000 - 0x00007ffd062a9000 	C:\WINDOWS\SYSTEM32\WSOCK32.dll
0x00007ffd0b600000 - 0x00007ffd0b60a000 	C:\WINDOWS\SYSTEM32\VERSION.dll
0x00007ffd112b0000 - 0x00007ffd11319000 	C:\WINDOWS\system32\WS2_32.dll
0x00007ffd0df30000 - 0x00007ffd0df5c000 	C:\WINDOWS\SYSTEM32\WINMMBASE.dll
0x00007ffd10cb0000 - 0x00007ffd10cb8000 	C:\WINDOWS\system32\NSI.dll
0x00007ffd0fd10000 - 0x00007ffd0fd54000 	C:\WINDOWS\system32\cfgmgr32.dll
0x00007ffd0e4c0000 - 0x00007ffd0e4e7000 	C:\WINDOWS\SYSTEM32\DEVOBJ.dll
0x0000000053880000 - 0x000000005388f000 	C:\Program Files\Java\jdk1.8.0_65\jre\bin\verify.dll
0x0000000053850000 - 0x0000000053879000 	C:\Program Files\Java\jdk1.8.0_65\jre\bin\java.dll
0x0000000053830000 - 0x0000000053846000 	C:\Program Files\Java\jdk1.8.0_65\jre\bin\zip.dll
0x00007ffd11590000 - 0x00007ffd12ab2000 	C:\WINDOWS\system32\SHELL32.dll
0x00007ffd0fff0000 - 0x00007ffd10618000 	C:\WINDOWS\system32\windows.storage.dll
0x00007ffd12ea0000 - 0x00007ffd1311c000 	C:\WINDOWS\system32\combase.dll
0x00007ffd10e90000 - 0x00007ffd10ee1000 	C:\WINDOWS\system32\shlwapi.dll
0x00007ffd0fbe0000 - 0x00007ffd0fbef000 	C:\WINDOWS\system32\kernel.appcore.dll
0x00007ffd0fbf0000 - 0x00007ffd0fca3000 	C:\WINDOWS\system32\shcore.dll
0x00007ffd0fb90000 - 0x00007ffd0fbda000 	C:\WINDOWS\system32\powrprof.dll
0x00007ffd0fb70000 - 0x00007ffd0fb83000 	C:\WINDOWS\system32\profapi.dll

VM Arguments:
jvm_args: -Djava.awt.headless=true -Xmx1024M -Dfile.encoding=windows-1252 -Duser.country=GB -Duser.language=en -Duser.variant 
java_command: com.android.dx.command.Main --dex --num-threads=4 --output C:\Users\Numan\AndroidStudioProjects\BrainTraining\app\build\intermediates\pre-dexed\debug\internal_impl-23.1.1_c2c6c56be580ca28ff56543e1fdee87c550c487e.jar C:\Users\Numan\AndroidStudioProjects\BrainTraining\app\build\intermediates\exploded-aar\com.android.support\support-v4\23.1.1\jars\libs\internal_impl-23.1.1.jar
java_class_path (initial): C:\Users\Numan\AppData\Local\Android\sdk\build-tools\23.0.2\lib\dx.jar
Launcher Type: SUN_STANDARD

Environment Variables:
PATH=C:\Program Files (x86)\Razer Chroma SDK\bin;C:\Program Files\Razer Chroma SDK\bin;C:\ProgramData\Oracle\Java\javapath;C:\Program Files (x86)\Intel\iCLS Client\;C:\Program Files\Intel\iCLS Client\;C:\Windows\system32;C:\Windows;C:\Windows\System32\Wbem;C:\Windows\System32\WindowsPowerShell\v1.0\;C:\Program Files (x86)\NVIDIA Corporation\PhysX\Common;C:\WINDOWS\system32;C:\WINDOWS;C:\WINDOWS\System32\Wbem;C:\WINDOWS\System32\WindowsPowerShell\v1.0\;C:\Program Files\Intel\Intel(R) Management Engine Components\DAL;C:\Program Files\Intel\Intel(R) Management Engine Components\IPT;C:\Program Files (x86)\Skype\Phone\;C:\WINDOWS\system32\config\systemprofile\.dnx\bin;C:\Program Files\Microsoft DNX\Dnvm\
USERNAME=Numan
OS=Windows_NT
PROCESSOR_IDENTIFIER=Intel64 Family 6 Model 60 Stepping 3, GenuineIntel



---------------  S Y S T E M  ---------------

OS: Windows 10.0 , 64 bit Build 10240 (10.0.10240.16384)

CPU:total 4 (4 cores per cpu, 1 threads per core) family 6 model 60 stepping 3, cmov, cx8, fxsr, mmx, sse, sse2, sse3, ssse3, sse4.1, sse4.2, popcnt, avx, avx2, aes, clmul, erms, lzcnt, tsc, tscinvbit, bmi1, bmi2

Memory: 4k page, physical 16702552k(7254312k free), swap 17751128k(5260k free)

vm_info: Java HotSpot(TM) 64-Bit Server VM (25.65-b01) for windows-amd64 JRE (1.8.0_65-b17), built on Oct  6 2015 16:39:20 by "java_re" with MS VC++ 10.0 (VS2010)

time: Tue Feb 23 23:11:33 2016
elapsed time: 0 seconds (0d 0h 0m 0s)

