#
# There is insufficient memory for the Java Runtime Environment to continue.
# Native memory allocation (malloc) failed to allocate 1048576 bytes for AllocateHeap
# Possible reasons:
#   The system is out of physical RAM or swap space
#   In 32 bit mode, the process size limit was hit
# Possible solutions:
#   Reduce memory load on the system
#   Increase physical memory or swap space
#   Check if swap backing store is full
#   Use 64 bit Java on a 64 bit OS
#   Decrease Java heap size (-Xmx/-Xms)
#   Decrease number of Java threads
#   Decrease Java thread stack sizes (-Xss)
#   Set larger code cache with -XX:ReservedCodeCacheSize=
# This output file may be truncated or incomplete.
#
#  Out of Memory Error (memory/allocation.inline.hpp:61), pid=13060, tid=17288
#
# JRE version:  (8.0_65-b17) (build )
# Java VM: Java HotSpot(TM) 64-Bit Server VM (25.65-b01 mixed mode windows-amd64 compressed oops)
# Failed to write core dump. Minidumps are not enabled by default on client versions of Windows
#

---------------  T H R E A D  ---------------

Current thread (0x0000000002c70800):  JavaThread "Unknown thread" [_thread_in_vm, id=17288, stack(0x0000000002b70000,0x0000000002c70000)]

Stack: [0x0000000002b70000,0x0000000002c70000]
[error occurred during error reporting (printing stack bounds), id 0xc0000005]

Native frames: (J=compiled Java code, j=interpreted, Vv=VM code, C=native code)


---------------  P R O C E S S  ---------------

Java Threads: ( => current thread )

Other Threads:

=>0x0000000002c70800 (exited) JavaThread "Unknown thread" [_thread_in_vm, id=17288, stack(0x0000000002b70000,0x0000000002c70000)]

VM state:not at safepoint (normal execution)

VM Mutex/Monitor currently owned by a thread: None

Heap:
 PSYoungGen      total 76288K, used 1310K [0x00000000eab00000, 0x00000000f0000000, 0x0000000100000000)
  eden space 65536K, 2% used [0x00000000eab00000,0x00000000eac47af0,0x00000000eeb00000)
  from space 10752K, 0% used [0x00000000ef580000,0x00000000ef580000,0x00000000f0000000)
  to   space 10752K, 0% used [0x00000000eeb00000,0x00000000eeb00000,0x00000000ef580000)
 ParOldGen       total 175104K, used 0K [0x00000000c0000000, 0x00000000cab00000, 0x00000000eab00000)
  object space 175104K, 0% used [0x00000000c0000000,0x00000000c0000000,0x00000000cab00000)
 Metaspace       used 767K, capacity 4480K, committed 4480K, reserved 1056768K
  class space    used 75K, capacity 384K, committed 384K, reserved 1048576K

Card table byte_map: [0x0000000012130000,0x0000000012340000] byte_map_base: 0x0000000011b30000

Marking Bits: (ParMarkBitMap*) 0x0000000070cca5b0
 Begin Bits: [0x00000000128a0000, 0x00000000138a0000)
 End Bits:   [0x00000000138a0000, 0x00000000148a0000)

Polling page: 0x0000000002b00000

CodeCache: size=245760Kb used=328Kb max_used=328Kb free=245431Kb
 bounds [0x0000000002d70000, 0x0000000002fe0000, 0x0000000011d70000]
 total_blobs=57 nmethods=0 adapters=37
 compilation: enabled

Compilation events (0 events):
No events

GC Heap History (0 events):
No events

Deoptimization events (0 events):
No events

Internal exceptions (0 events):
No events

Events (10 events):
Event: 0.017 loading class java/lang/Short
Event: 0.017 loading class java/lang/Short done
Event: 0.017 loading class java/lang/Integer
Event: 0.017 loading class java/lang/Integer done
Event: 0.017 loading class java/lang/Long
Event: 0.017 loading class java/lang/Long done
Event: 0.018 loading class java/lang/NullPointerException
Event: 0.018 loading class java/lang/NullPointerException done
Event: 0.018 loading class java/lang/ArithmeticException
Event: 0.018 loading class java/lang/ArithmeticException done


Dynamic libraries:
0x00007ff728110000 - 0x00007ff728147000 	C:\Program Files\Java\jdk1.8.0_65\bin\java.exe
0x00007ff962bb0000 - 0x00007ff962d72000 	C:\WINDOWS\SYSTEM32\ntdll.dll
0x00007ff9603d0000 - 0x00007ff96047d000 	C:\WINDOWS\system32\KERNEL32.DLL
0x00007ff960040000 - 0x00007ff96021d000 	C:\WINDOWS\system32\KERNELBASE.dll
0x00007ff960490000 - 0x00007ff960536000 	C:\WINDOWS\system32\ADVAPI32.dll
0x00007ff962a30000 - 0x00007ff962acd000 	C:\WINDOWS\system32\msvcrt.dll
0x00007ff962030000 - 0x00007ff96208b000 	C:\WINDOWS\system32\sechost.dll
0x00007ff9627a0000 - 0x00007ff9628c6000 	C:\WINDOWS\system32\RPCRT4.dll
0x00007ff960280000 - 0x00007ff9603ce000 	C:\WINDOWS\system32\USER32.dll
0x00007ff9608c0000 - 0x00007ff960a46000 	C:\WINDOWS\system32\GDI32.dll
0x00007ff959980000 - 0x00007ff959bf4000 	C:\WINDOWS\WinSxS\amd64_microsoft.windows.common-controls_6595b64144ccf1df_6.0.10240.16384_none_f41f7b285750ef43\COMCTL32.dll
0x00007ff962090000 - 0x00007ff9620c6000 	C:\WINDOWS\system32\IMM32.DLL
0x00007ff9606f0000 - 0x00007ff96084c000 	C:\WINDOWS\system32\MSCTF.dll
0x00000000710b0000 - 0x0000000071182000 	C:\Program Files\Java\jdk1.8.0_65\jre\bin\msvcr100.dll
0x00000000704c0000 - 0x0000000070d49000 	C:\Program Files\Java\jdk1.8.0_65\jre\bin\server\jvm.dll
0x00007ff962a20000 - 0x00007ff962a28000 	C:\WINDOWS\system32\PSAPI.DLL
0x00007ff95dab0000 - 0x00007ff95dad3000 	C:\WINDOWS\SYSTEM32\WINMM.dll
0x00007ff95bf70000 - 0x00007ff95bf7a000 	C:\WINDOWS\SYSTEM32\VERSION.dll
0x00007ff953db0000 - 0x00007ff953db9000 	C:\WINDOWS\SYSTEM32\WSOCK32.dll
0x00007ff9620d0000 - 0x00007ff962139000 	C:\WINDOWS\system32\WS2_32.dll
0x00007ff95d940000 - 0x00007ff95d96c000 	C:\WINDOWS\SYSTEM32\WINMMBASE.dll
0x00007ff9606e0000 - 0x00007ff9606e8000 	C:\WINDOWS\system32\NSI.dll
0x00007ff95fe20000 - 0x00007ff95fe64000 	C:\WINDOWS\system32\cfgmgr32.dll
0x00007ff95df50000 - 0x00007ff95df77000 	C:\WINDOWS\SYSTEM32\DEVOBJ.dll
0x0000000071d20000 - 0x0000000071d2f000 	C:\Program Files\Java\jdk1.8.0_65\jre\bin\verify.dll
0x00000000714e0000 - 0x0000000071509000 	C:\Program Files\Java\jdk1.8.0_65\jre\bin\java.dll
0x00000000714c0000 - 0x00000000714d6000 	C:\Program Files\Java\jdk1.8.0_65\jre\bin\zip.dll

VM Arguments:
jvm_args: -Djava.awt.headless=true -Xmx1024M -Dfile.encoding=windows-1252 -Duser.country=GB -Duser.language=en -Duser.variant 
java_command: com.android.dx.command.Main --dex --num-threads=4 --output C:\Users\Numan\AndroidStudioProjects\BrainTraining\app\build\intermediates\pre-dexed\debug\debug_108839973244ef9a697cd0310ca5dcd8a33ef720.jar C:\Users\Numan\AndroidStudioProjects\BrainTraining\app\build\intermediates\classes\debug
java_class_path (initial): C:\Users\Numan\AppData\Local\Android\sdk\build-tools\23.0.2\lib\dx.jar
Launcher Type: SUN_STANDARD

Environment Variables:
PATH=C:\Program Files (x86)\Razer Chroma SDK\bin;C:\Program Files\Razer Chroma SDK\bin;C:\ProgramData\Oracle\Java\javapath;C:\Program Files (x86)\Intel\iCLS Client\;C:\Program Files\Intel\iCLS Client\;C:\Windows\system32;C:\Windows;C:\Windows\System32\Wbem;C:\Windows\System32\WindowsPowerShell\v1.0\;C:\Program Files (x86)\NVIDIA Corporation\PhysX\Common;C:\WINDOWS\system32;C:\WINDOWS;C:\WINDOWS\System32\Wbem;C:\WINDOWS\System32\WindowsPowerShell\v1.0\;C:\Program Files\Intel\Intel(R) Management Engine Components\DAL;C:\Program Files\Intel\Intel(R) Management Engine Components\IPT;C:\Program Files (x86)\Skype\Phone\;C:\WINDOWS\system32\config\systemprofile\.dnx\bin;C:\Program Files\Microsoft DNX\Dnvm\
USERNAME=Numan
OS=Windows_NT
PROCESSOR_IDENTIFIER=Intel64 Family 6 Model 60 Stepping 3, GenuineIntel



---------------  S Y S T E M  ---------------

OS: Windows 10.0 , 64 bit Build 10240 (10.0.10240.16384)

CPU:total 4 (4 cores per cpu, 1 threads per core) family 6 model 60 stepping 3, cmov, cx8, fxsr, mmx, sse, sse2, sse3, ssse3, sse4.1, sse4.2, popcnt, avx, avx2, aes, clmul, erms, lzcnt, tsc, tscinvbit, bmi1, bmi2

Memory: 4k page, physical 16702552k(7638944k free), swap 17751128k(5320k free)

vm_info: Java HotSpot(TM) 64-Bit Server VM (25.65-b01) for windows-amd64 JRE (1.8.0_65-b17), built on Oct  6 2015 16:39:20 by "java_re" with MS VC++ 10.0 (VS2010)

time: Sat Feb 27 01:17:38 2016
elapsed time: 0 seconds (0d 0h 0m 0s)

