#
# There is insufficient memory for the Java Runtime Environment to continue.
# Native memory allocation (malloc) failed to allocate 1020576 bytes for Chunk::new
# Possible reasons:
#   The system is out of physical RAM or swap space
#   In 32 bit mode, the process size limit was hit
# Possible solutions:
#   Reduce memory load on the system
#   Increase physical memory or swap space
#   Check if swap backing store is full
#   Use 64 bit Java on a 64 bit OS
#   Decrease Java heap size (-Xmx/-Xms)
#   Decrease number of Java threads
#   Decrease Java thread stack sizes (-Xss)
#   Set larger code cache with -XX:ReservedCodeCacheSize=
# This output file may be truncated or incomplete.
#
#  Out of Memory Error (allocation.cpp:390), pid=16828, tid=14800
#
# JRE version: Java(TM) SE Runtime Environment (8.0_65-b17) (build 1.8.0_65-b17)
# Java VM: Java HotSpot(TM) 64-Bit Server VM (25.65-b01 mixed mode windows-amd64 compressed oops)
# Failed to write core dump. Minidumps are not enabled by default on client versions of Windows
#

---------------  T H R E A D  ---------------

Current thread (0x000000001527a000):  JavaThread "C2 CompilerThread0" daemon [_thread_in_native, id=14800, stack(0x00000000168a0000,0x00000000169a0000)]

Stack: [0x00000000168a0000,0x00000000169a0000]
[error occurred during error reporting (printing stack bounds), id 0xc0000005]

Native frames: (J=compiled Java code, j=interpreted, Vv=VM code, C=native code)


Current CompileTask:
C2:2662237 15963       4       java.lang.String::split (326 bytes)


---------------  P R O C E S S  ---------------

Java Threads: ( => current thread )
  0x0000000016d3e800 JavaThread "Stdin handler" [_thread_blocked, id=780, stack(0x00000000192b0000,0x00000000193b0000)]
  0x0000000016d3d000 JavaThread "Cancel handler" [_thread_blocked, id=15760, stack(0x00000000190b0000,0x00000000191b0000)]
  0x0000000016d3a000 JavaThread "Handler for socket connection from /127.0.0.1:52861 to /127.0.0.1:51130" [_thread_in_native, id=15260, stack(0x00000000027c0000,0x00000000028c0000)]
  0x0000000016d39000 JavaThread "Daemon worker Thread 13" [_thread_in_native, id=14768, stack(0x00000000191b0000,0x00000000192b0000)]
  0x0000000016d3c800 JavaThread "Daemon Thread 13" [_thread_blocked, id=12784, stack(0x0000000000dd0000,0x0000000000ed0000)]
  0x0000000019e19000 JavaThread "File lock request listener" [_thread_in_native, id=11096, stack(0x000000001ab80000,0x000000001ac80000)]
  0x0000000017d56800 JavaThread "Incoming local TCP Connector on port 52861" [_thread_in_native, id=14012, stack(0x0000000018db0000,0x0000000018eb0000)]
  0x0000000016bdb800 JavaThread "Service Thread" daemon [_thread_blocked, id=2676, stack(0x0000000016fa0000,0x00000000170a0000)]
  0x0000000015270800 JavaThread "C1 CompilerThread2" daemon [_thread_blocked, id=14364, stack(0x0000000016aa0000,0x0000000016ba0000)]
  0x000000001526d000 JavaThread "C2 CompilerThread1" daemon [_thread_blocked, id=13668, stack(0x00000000169a0000,0x0000000016aa0000)]
=>0x000000001527a000 JavaThread "C2 CompilerThread0" daemon [_thread_in_native, id=14800, stack(0x00000000168a0000,0x00000000169a0000)]
  0x0000000015278800 JavaThread "Attach Listener" daemon [_thread_blocked, id=14468, stack(0x00000000167a0000,0x00000000168a0000)]
  0x0000000015277000 JavaThread "Signal Dispatcher" daemon [_thread_blocked, id=17260, stack(0x00000000166a0000,0x00000000167a0000)]
  0x0000000002b98800 JavaThread "Finalizer" daemon [_thread_blocked, id=14644, stack(0x00000000164c0000,0x00000000165c0000)]
  0x0000000002b90000 JavaThread "Reference Handler" daemon [_thread_blocked, id=17292, stack(0x00000000163c0000,0x00000000164c0000)]
  0x000000000102e000 JavaThread "main" [_thread_blocked, id=15640, stack(0x00000000029a0000,0x0000000002aa0000)]

Other Threads:
  0x0000000015237800 VMThread [stack: 0x00000000162c0000,0x00000000163c0000] [id=16864]
  0x0000000016bde000 WatcherThread [stack: 0x00000000170a0000,0x00000000171a0000] [id=3376]

VM state:not at safepoint (normal execution)

VM Mutex/Monitor currently owned by a thread: None

Heap:
 PSYoungGen      total 315904K, used 80269K [0x00000000eab00000, 0x00000000ff600000, 0x0000000100000000)
  eden space 295936K, 27% used [0x00000000eab00000,0x00000000ef9634b0,0x00000000fcc00000)
  from space 19968K, 0% used [0x00000000fe280000,0x00000000fe280000,0x00000000ff600000)
  to   space 21504K, 0% used [0x00000000fcc00000,0x00000000fcc00000,0x00000000fe100000)
 ParOldGen       total 170496K, used 46838K [0x00000000c0000000, 0x00000000ca680000, 0x00000000eab00000)
  object space 170496K, 27% used [0x00000000c0000000,0x00000000c2dbd900,0x00000000ca680000)
 Metaspace       used 59571K, capacity 64180K, committed 64384K, reserved 1105920K
  class space    used 7773K, capacity 8402K, committed 8576K, reserved 1048576K

Card table byte_map: [0x0000000011f60000,0x0000000012170000] byte_map_base: 0x0000000011960000

Marking Bits: (ParMarkBitMap*) 0x000000005409a5b0
 Begin Bits: [0x00000000126d0000, 0x00000000136d0000)
 End Bits:   [0x00000000136d0000, 0x00000000146d0000)

Polling page: 0x0000000001010000

CodeCache: size=245760Kb used=46615Kb max_used=46618Kb free=199144Kb
 bounds [0x0000000002ba0000, 0x0000000005980000, 0x0000000011ba0000]
 total_blobs=13072 nmethods=12351 adapters=632
 compilation: enabled

Compilation events (10 events):
Event: 2661.337 Thread 0x0000000015270800 nmethod 15958 0x0000000004644d50 code [0x00000000046451c0, 0x00000000046492d8]
Event: 2661.389 Thread 0x0000000015270800 15959       3       java.lang.Class::privateGetDeclaredConstructors (85 bytes)
Event: 2661.389 Thread 0x0000000015270800 nmethod 15959 0x0000000003dfaa10 code [0x0000000003dfabe0, 0x0000000003dfb2d8]
Event: 2661.399 Thread 0x0000000015270800 15960       3       org.gradle.api.internal.file.copy.DefaultCopySpec$DefaultCopySpecResolver::getAllCopyActions (55 bytes)
Event: 2661.399 Thread 0x0000000015270800 nmethod 15960 0x0000000003df9fd0 code [0x0000000003dfa180, 0x0000000003dfa748]
Event: 2661.400 Thread 0x000000001526d000 15961       4       org.gradle.api.internal.file.archive.ZipFileTree$DetailsImpl::isDirectory (8 bytes)
Event: 2661.401 Thread 0x000000001526d000 nmethod 15961 0x00000000041f5390 code [0x00000000041f54e0, 0x00000000041f55b8]
Event: 2661.433 Thread 0x0000000015270800 15962       3       com.google.common.collect.AbstractMapBasedMultimap::unmodifiableCollectionSubclass (50 bytes)
Event: 2661.434 Thread 0x0000000015270800 nmethod 15962 0x0000000003df7d50 code [0x0000000003df8020, 0x0000000003df9648]
Event: 2661.463 Thread 0x000000001527a000 15963       4       java.lang.String::split (326 bytes)

GC Heap History (10 events):
Event: 2117.045 GC heap before
{Heap before GC invocations=31 (full 11):
 PSYoungGen      total 318464K, used 3126K [0x00000000eab00000, 0x00000000ffa00000, 0x0000000100000000)
  eden space 295936K, 0% used [0x00000000eab00000,0x00000000eab00000,0x00000000fcc00000)
  from space 22528K, 13% used [0x00000000fe400000,0x00000000fe70da70,0x00000000ffa00000)
  to   space 23552K, 0% used [0x00000000fcc00000,0x00000000fcc00000,0x00000000fe300000)
 ParOldGen       total 170496K, used 44393K [0x00000000c0000000, 0x00000000ca680000, 0x00000000eab00000)
  object space 170496K, 26% used [0x00000000c0000000,0x00000000c2b5a540,0x00000000ca680000)
 Metaspace       used 59081K, capacity 63426K, committed 63872K, reserved 1103872K
  class space    used 7720K, capacity 8352K, committed 8576K, reserved 1048576K
Event: 2117.294 GC heap after
Heap after GC invocations=31 (full 11):
 PSYoungGen      total 318464K, used 0K [0x00000000eab00000, 0x00000000ffa00000, 0x0000000100000000)
  eden space 295936K, 0% used [0x00000000eab00000,0x00000000eab00000,0x00000000fcc00000)
  from space 22528K, 0% used [0x00000000fe400000,0x00000000fe400000,0x00000000ffa00000)
  to   space 23552K, 0% used [0x00000000fcc00000,0x00000000fcc00000,0x00000000fe300000)
 ParOldGen       total 170496K, used 44655K [0x00000000c0000000, 0x00000000ca680000, 0x00000000eab00000)
  object space 170496K, 26% used [0x00000000c0000000,0x00000000c2b9bf50,0x00000000ca680000)
 Metaspace       used 59081K, capacity 63426K, committed 63872K, reserved 1103872K
  class space    used 7720K, capacity 8352K, committed 8576K, reserved 1048576K
}
Event: 2255.656 GC heap before
{Heap before GC invocations=32 (full 11):
 PSYoungGen      total 318464K, used 142627K [0x00000000eab00000, 0x00000000ffa00000, 0x0000000100000000)
  eden space 295936K, 48% used [0x00000000eab00000,0x00000000f3648d20,0x00000000fcc00000)
  from space 22528K, 0% used [0x00000000fe400000,0x00000000fe400000,0x00000000ffa00000)
  to   space 23552K, 0% used [0x00000000fcc00000,0x00000000fcc00000,0x00000000fe300000)
 ParOldGen       total 170496K, used 44655K [0x00000000c0000000, 0x00000000ca680000, 0x00000000eab00000)
  object space 170496K, 26% used [0x00000000c0000000,0x00000000c2b9bf50,0x00000000ca680000)
 Metaspace       used 59152K, capacity 63522K, committed 63872K, reserved 1103872K
  class space    used 7728K, capacity 8359K, committed 8576K, reserved 1048576K
Event: 2255.658 GC heap after
Heap after GC invocations=32 (full 11):
 PSYoungGen      total 297984K, used 1567K [0x00000000eab00000, 0x00000000ff900000, 0x0000000100000000)
  eden space 295936K, 0% used [0x00000000eab00000,0x00000000eab00000,0x00000000fcc00000)
  from space 2048K, 76% used [0x00000000fcc00000,0x00000000fcd87c50,0x00000000fce00000)
  to   space 23040K, 0% used [0x00000000fe280000,0x00000000fe280000,0x00000000ff900000)
 ParOldGen       total 170496K, used 44663K [0x00000000c0000000, 0x00000000ca680000, 0x00000000eab00000)
  object space 170496K, 26% used [0x00000000c0000000,0x00000000c2b9df50,0x00000000ca680000)
 Metaspace       used 59152K, capacity 63522K, committed 63872K, reserved 1103872K
  class space    used 7728K, capacity 8359K, committed 8576K, reserved 1048576K
}
Event: 2255.658 GC heap before
{Heap before GC invocations=33 (full 12):
 PSYoungGen      total 297984K, used 1567K [0x00000000eab00000, 0x00000000ff900000, 0x0000000100000000)
  eden space 295936K, 0% used [0x00000000eab00000,0x00000000eab00000,0x00000000fcc00000)
  from space 2048K, 76% used [0x00000000fcc00000,0x00000000fcd87c50,0x00000000fce00000)
  to   space 23040K, 0% used [0x00000000fe280000,0x00000000fe280000,0x00000000ff900000)
 ParOldGen       total 170496K, used 44663K [0x00000000c0000000, 0x00000000ca680000, 0x00000000eab00000)
  object space 170496K, 26% used [0x00000000c0000000,0x00000000c2b9df50,0x00000000ca680000)
 Metaspace       used 59152K, capacity 63522K, committed 63872K, reserved 1103872K
  class space    used 7728K, capacity 8359K, committed 8576K, reserved 1048576K
Event: 2255.762 GC heap after
Heap after GC invocations=33 (full 12):
 PSYoungGen      total 297984K, used 0K [0x00000000eab00000, 0x00000000ff900000, 0x0000000100000000)
  eden space 295936K, 0% used [0x00000000eab00000,0x00000000eab00000,0x00000000fcc00000)
  from space 2048K, 0% used [0x00000000fcc00000,0x00000000fcc00000,0x00000000fce00000)
  to   space 23040K, 0% used [0x00000000fe280000,0x00000000fe280000,0x00000000ff900000)
 ParOldGen       total 170496K, used 43496K [0x00000000c0000000, 0x00000000ca680000, 0x00000000eab00000)
  object space 170496K, 25% used [0x00000000c0000000,0x00000000c2a7a170,0x00000000ca680000)
 Metaspace       used 59152K, capacity 63522K, committed 63872K, reserved 1103872K
  class space    used 7728K, capacity 8359K, committed 8576K, reserved 1048576K
}
Event: 2618.896 GC heap before
{Heap before GC invocations=34 (full 12):
 PSYoungGen      total 297984K, used 270425K [0x00000000eab00000, 0x00000000ff900000, 0x0000000100000000)
  eden space 295936K, 91% used [0x00000000eab00000,0x00000000fb316680,0x00000000fcc00000)
  from space 2048K, 0% used [0x00000000fcc00000,0x00000000fcc00000,0x00000000fce00000)
  to   space 23040K, 0% used [0x00000000fe280000,0x00000000fe280000,0x00000000ff900000)
 ParOldGen       total 170496K, used 43496K [0x00000000c0000000, 0x00000000ca680000, 0x00000000eab00000)
  object space 170496K, 25% used [0x00000000c0000000,0x00000000c2a7a170,0x00000000ca680000)
 Metaspace       used 59378K, capacity 63840K, committed 64128K, reserved 1105920K
  class space    used 7748K, capacity 8374K, committed 8576K, reserved 1048576K
Event: 2618.902 GC heap after
Heap after GC invocations=34 (full 12):
 PSYoungGen      total 315904K, used 5174K [0x00000000eab00000, 0x00000000ff600000, 0x0000000100000000)
  eden space 295936K, 0% used [0x00000000eab00000,0x00000000eab00000,0x00000000fcc00000)
  from space 19968K, 25% used [0x00000000fe280000,0x00000000fe78d998,0x00000000ff600000)
  to   space 21504K, 0% used [0x00000000fcc00000,0x00000000fcc00000,0x00000000fe100000)
 ParOldGen       total 170496K, used 43504K [0x00000000c0000000, 0x00000000ca680000, 0x00000000eab00000)
  object space 170496K, 25% used [0x00000000c0000000,0x00000000c2a7c170,0x00000000ca680000)
 Metaspace       used 59378K, capacity 63840K, committed 64128K, reserved 1105920K
  class space    used 7748K, capacity 8374K, committed 8576K, reserved 1048576K
}
Event: 2618.902 GC heap before
{Heap before GC invocations=35 (full 13):
 PSYoungGen      total 315904K, used 5174K [0x00000000eab00000, 0x00000000ff600000, 0x0000000100000000)
  eden space 295936K, 0% used [0x00000000eab00000,0x00000000eab00000,0x00000000fcc00000)
  from space 19968K, 25% used [0x00000000fe280000,0x00000000fe78d998,0x00000000ff600000)
  to   space 21504K, 0% used [0x00000000fcc00000,0x00000000fcc00000,0x00000000fe100000)
 ParOldGen       total 170496K, used 43504K [0x00000000c0000000, 0x00000000ca680000, 0x00000000eab00000)
  object space 170496K, 25% used [0x00000000c0000000,0x00000000c2a7c170,0x00000000ca680000)
 Metaspace       used 59378K, capacity 63840K, committed 64128K, reserved 1105920K
  class space    used 7748K, capacity 8374K, committed 8576K, reserved 1048576K
Event: 2619.037 GC heap after
Heap after GC invocations=35 (full 13):
 PSYoungGen      total 315904K, used 0K [0x00000000eab00000, 0x00000000ff600000, 0x0000000100000000)
  eden space 295936K, 0% used [0x00000000eab00000,0x00000000eab00000,0x00000000fcc00000)
  from space 19968K, 0% used [0x00000000fe280000,0x00000000fe280000,0x00000000ff600000)
  to   space 21504K, 0% used [0x00000000fcc00000,0x00000000fcc00000,0x00000000fe100000)
 ParOldGen       total 170496K, used 46838K [0x00000000c0000000, 0x00000000ca680000, 0x00000000eab00000)
  object space 170496K, 27% used [0x00000000c0000000,0x00000000c2dbd900,0x00000000ca680000)
 Metaspace       used 59378K, capacity 63840K, committed 64128K, reserved 1105920K
  class space    used 7748K, capacity 8374K, committed 8576K, reserved 1048576K
}

Deoptimization events (10 events):
Event: 2661.167 Thread 0x0000000016d39000 Uncommon trap: reason=unstable_if action=reinterpret pc=0x0000000003638070 method=java.lang.ref.SoftReference.get()Ljava/lang/Object; @ 6
Event: 2661.168 Thread 0x0000000016d39000 Uncommon trap: reason=unstable_if action=reinterpret pc=0x00000000038b2964 method=java.lang.ref.SoftReference.get()Ljava/lang/Object; @ 6
Event: 2661.168 Thread 0x0000000016d39000 Uncommon trap: reason=unstable_if action=reinterpret pc=0x0000000003905608 method=java.lang.ref.SoftReference.get()Ljava/lang/Object; @ 6
Event: 2661.168 Thread 0x0000000016d39000 Uncommon trap: reason=unstable_if action=reinterpret pc=0x0000000005579aa0 method=java.lang.ref.SoftReference.get()Ljava/lang/Object; @ 6
Event: 2661.170 Thread 0x0000000016d39000 Uncommon trap: reason=unstable_if action=reinterpret pc=0x00000000042c370c method=java.lang.ref.SoftReference.get()Ljava/lang/Object; @ 6
Event: 2661.171 Thread 0x0000000016d39000 Uncommon trap: reason=unstable_if action=reinterpret pc=0x0000000003a67d78 method=java.lang.ref.SoftReference.get()Ljava/lang/Object; @ 6
Event: 2661.172 Thread 0x0000000016d39000 Uncommon trap: reason=unstable_if action=reinterpret pc=0x00000000035344cc method=java.lang.ref.SoftReference.get()Ljava/lang/Object; @ 6
Event: 2661.172 Thread 0x0000000016d39000 Uncommon trap: reason=unstable_if action=reinterpret pc=0x00000000032a4cf8 method=java.lang.ref.SoftReference.get()Ljava/lang/Object; @ 6
Event: 2661.174 Thread 0x0000000016d39000 Uncommon trap: reason=unstable_if action=reinterpret pc=0x0000000003e7f630 method=java.lang.ref.SoftReference.get()Ljava/lang/Object; @ 6
Event: 2661.184 Thread 0x0000000016d39000 Uncommon trap: reason=unstable_if action=reinterpret pc=0x00000000041a9244 method=java.lang.ref.SoftReference.get()Ljava/lang/Object; @ 6

Internal exceptions (10 events):
Event: 2619.054 Thread 0x0000000016d3c800 Exception <a 'java/lang/NoSuchMethodError': <clinit>> (0x00000000eae05eb8) thrown at [C:\workspace\8-2-build-windows-amd64-cygwin\jdk8u65\4987\hotspot\src\share\vm\prims\jni.cpp, line 1591]
Event: 2660.070 Thread 0x0000000016d39000 Exception <a 'java/lang/ClassNotFoundException': asLocalRepo87_be4nfiwtzfsp6thb57qn0tggeBeanInfo> (0x00000000eabcabf0) thrown at [C:\workspace\8-2-build-windows-amd64-cygwin\jdk8u65\4987\hotspot\src\share\vm\classfile\systemDictionary.cpp, line 210]
Event: 2660.071 Thread 0x0000000016d39000 Exception <a 'java/lang/ClassNotFoundException': asLocalRepo87_be4nfiwtzfsp6thb57qn0tggeCustomizer> (0x00000000eabd40b0) thrown at [C:\workspace\8-2-build-windows-amd64-cygwin\jdk8u65\4987\hotspot\src\share\vm\classfile\systemDictionary.cpp, line 210]
Event: 2661.168 Thread 0x0000000016d39000 Implicit null exception at 0x0000000003905083 to 0x00000000039055e9
Event: 2661.168 Thread 0x0000000016d39000 Implicit null exception at 0x0000000005577674 to 0x0000000005579a79
Event: 2661.171 Thread 0x0000000016d39000 Implicit null exception at 0x0000000003a67381 to 0x0000000003a67d5d
Event: 2661.172 Thread 0x0000000016d39000 Implicit null exception at 0x0000000003533e63 to 0x00000000035344b9
Event: 2661.172 Thread 0x0000000016d39000 Implicit null exception at 0x00000000032a4301 to 0x00000000032a4cdd
Event: 2661.174 Thread 0x0000000016d39000 Implicit null exception at 0x0000000003e7772e to 0x0000000003e7f611
Event: 2661.184 Thread 0x0000000016d39000 Implicit null exception at 0x00000000041a8c9c to 0x00000000041a921d

Events (10 events):
Event: 2661.174 Thread 0x0000000016d39000 DEOPT UNPACKING pc=0x0000000002be582a sp=0x00000000192aa9b0 mode 2
Event: 2661.184 Thread 0x0000000016d39000 Uncommon trap: trap_request=0xffffff65 fr.pc=0x00000000041a9244
Event: 2661.184 Thread 0x0000000016d39000 DEOPT PACKING pc=0x00000000041a9244 sp=0x00000000192ab490
Event: 2661.184 Thread 0x0000000016d39000 DEOPT UNPACKING pc=0x0000000002be582a sp=0x00000000192ab370 mode 2
Event: 2661.188 loading class groovy/runtime/metaclass/com/android/SdkConstantsMetaClass
Event: 2661.188 loading class groovy/runtime/metaclass/com/android/SdkConstantsMetaClass done
Event: 2661.189 loading class groovy/runtime/metaclass/org/gradle/api/file/RelativePathMetaClass
Event: 2661.189 loading class groovy/runtime/metaclass/org/gradle/api/file/RelativePathMetaClass done
Event: 2661.190 loading class groovy/runtime/metaclass/org/gradle/api/internal/file/copy/DefaultFileCopyDetails_DecoratedMetaClass
Event: 2661.190 loading class groovy/runtime/metaclass/org/gradle/api/internal/file/copy/DefaultFileCopyDetails_DecoratedMetaClass done


Dynamic libraries:
0x00007ff6bfff0000 - 0x00007ff6c0027000 	C:\Program Files\Java\jdk1.8.0_65\bin\java.exe
0x00007ffd13120000 - 0x00007ffd132e2000 	C:\WINDOWS\SYSTEM32\ntdll.dll
0x00007ffd12c80000 - 0x00007ffd12d2d000 	C:\WINDOWS\system32\KERNEL32.DLL
0x00007ffd0fe10000 - 0x00007ffd0ffed000 	C:\WINDOWS\system32\KERNELBASE.dll
0x00007ffd11200000 - 0x00007ffd112a6000 	C:\WINDOWS\system32\ADVAPI32.dll
0x00007ffd11160000 - 0x00007ffd111fd000 	C:\WINDOWS\system32\msvcrt.dll
0x00007ffd12c20000 - 0x00007ffd12c7b000 	C:\WINDOWS\system32\sechost.dll
0x00007ffd12d30000 - 0x00007ffd12e56000 	C:\WINDOWS\system32\RPCRT4.dll
0x00007ffd12ac0000 - 0x00007ffd12c0e000 	C:\WINDOWS\system32\USER32.dll
0x00007ffd107f0000 - 0x00007ffd10976000 	C:\WINDOWS\system32\GDI32.dll
0x00007ffd09d00000 - 0x00007ffd09f74000 	C:\WINDOWS\WinSxS\amd64_microsoft.windows.common-controls_6595b64144ccf1df_6.0.10240.16384_none_f41f7b285750ef43\COMCTL32.dll
0x00007ffd12e60000 - 0x00007ffd12e96000 	C:\WINDOWS\system32\IMM32.DLL
0x00007ffd10ef0000 - 0x00007ffd1104c000 	C:\WINDOWS\system32\MSCTF.dll
0x0000000053410000 - 0x00000000534e2000 	C:\Program Files\Java\jdk1.8.0_65\jre\bin\msvcr100.dll
0x0000000053890000 - 0x0000000054119000 	C:\Program Files\Java\jdk1.8.0_65\jre\bin\server\jvm.dll
0x00007ffd12c10000 - 0x00007ffd12c18000 	C:\WINDOWS\system32\PSAPI.DLL
0x00007ffd062a0000 - 0x00007ffd062a9000 	C:\WINDOWS\SYSTEM32\WSOCK32.dll
0x00007ffd0e180000 - 0x00007ffd0e1a3000 	C:\WINDOWS\SYSTEM32\WINMM.dll
0x00007ffd112b0000 - 0x00007ffd11319000 	C:\WINDOWS\system32\WS2_32.dll
0x00007ffd0b600000 - 0x00007ffd0b60a000 	C:\WINDOWS\SYSTEM32\VERSION.dll
0x00007ffd0df30000 - 0x00007ffd0df5c000 	C:\WINDOWS\SYSTEM32\WINMMBASE.dll
0x00007ffd10cb0000 - 0x00007ffd10cb8000 	C:\WINDOWS\system32\NSI.dll
0x00007ffd0fd10000 - 0x00007ffd0fd54000 	C:\WINDOWS\system32\cfgmgr32.dll
0x00007ffd0e4c0000 - 0x00007ffd0e4e7000 	C:\WINDOWS\SYSTEM32\DEVOBJ.dll
0x0000000053880000 - 0x000000005388f000 	C:\Program Files\Java\jdk1.8.0_65\jre\bin\verify.dll
0x0000000053850000 - 0x0000000053879000 	C:\Program Files\Java\jdk1.8.0_65\jre\bin\java.dll
0x0000000053830000 - 0x0000000053846000 	C:\Program Files\Java\jdk1.8.0_65\jre\bin\zip.dll
0x00007ffd11590000 - 0x00007ffd12ab2000 	C:\WINDOWS\system32\SHELL32.dll
0x00007ffd0fff0000 - 0x00007ffd10618000 	C:\WINDOWS\system32\windows.storage.dll
0x00007ffd12ea0000 - 0x00007ffd1311c000 	C:\WINDOWS\system32\combase.dll
0x00007ffd10e90000 - 0x00007ffd10ee1000 	C:\WINDOWS\system32\shlwapi.dll
0x00007ffd0fbe0000 - 0x00007ffd0fbef000 	C:\WINDOWS\system32\kernel.appcore.dll
0x00007ffd0fbf0000 - 0x00007ffd0fca3000 	C:\WINDOWS\system32\shcore.dll
0x00007ffd0fb90000 - 0x00007ffd0fbda000 	C:\WINDOWS\system32\powrprof.dll
0x00007ffd0fb70000 - 0x00007ffd0fb83000 	C:\WINDOWS\system32\profapi.dll
0x0000000053810000 - 0x000000005382a000 	C:\Program Files\Java\jdk1.8.0_65\jre\bin\net.dll
0x00007ffd0f3c0000 - 0x00007ffd0f41d000 	C:\WINDOWS\system32\mswsock.dll
0x00000000537f0000 - 0x0000000053801000 	C:\Program Files\Java\jdk1.8.0_65\jre\bin\nio.dll
0x00007ffcff2f0000 - 0x00007ffcff302000 	C:\Users\Numan\.gradle\native\19\windows-amd64\native-platform.dll
0x00007ffd0b6f0000 - 0x00007ffd0b728000 	C:\WINDOWS\SYSTEM32\IPHLPAPI.DLL
0x00007ffd0b5e0000 - 0x00007ffd0b5eb000 	C:\WINDOWS\SYSTEM32\WINNSI.DLL
0x00007ffd0ade0000 - 0x00007ffd0adf6000 	C:\WINDOWS\SYSTEM32\dhcpcsvc6.DLL
0x00007ffd0a270000 - 0x00007ffd0a28a000 	C:\WINDOWS\SYSTEM32\dhcpcsvc.DLL
0x00007ffd0f420000 - 0x00007ffd0f437000 	C:\WINDOWS\SYSTEM32\CRYPTSP.dll
0x00007ffd0fa80000 - 0x00007ffd0faa8000 	C:\WINDOWS\SYSTEM32\bcrypt.dll
0x00007ffd0f010000 - 0x00007ffd0f043000 	C:\WINDOWS\system32\rsaenh.dll
0x00007ffd0f140000 - 0x00007ffd0f15f000 	C:\WINDOWS\SYSTEM32\USERENV.dll
0x00007ffd0f970000 - 0x00007ffd0f9db000 	C:\WINDOWS\system32\bcryptprimitives.dll
0x00007ffd0f590000 - 0x00007ffd0f59b000 	C:\WINDOWS\SYSTEM32\CRYPTBASE.dll
0x00000000535f0000 - 0x00000000535fd000 	C:\Program Files\Java\jdk1.8.0_65\jre\bin\management.dll

VM Arguments:
jvm_args: -XX:MaxPermSize=256m -XX:+HeapDumpOnOutOfMemoryError -Xmx1024m -Dfile.encoding=windows-1252 -Duser.country=GB -Duser.language=en -Duser.variant 
java_command: org.gradle.launcher.daemon.bootstrap.GradleDaemon 2.8
java_class_path (initial): C:\Program Files\Android\Android Studio\gradle\gradle-2.8\lib\gradle-launcher-2.8.jar
Launcher Type: SUN_STANDARD

Environment Variables:
PATH=C:\Program Files (x86)\Razer Chroma SDK\bin;C:\Program Files\Razer Chroma SDK\bin;C:\ProgramData\Oracle\Java\javapath;C:\Program Files (x86)\Intel\iCLS Client\;C:\Program Files\Intel\iCLS Client\;C:\Windows\system32;C:\Windows;C:\Windows\System32\Wbem;C:\Windows\System32\WindowsPowerShell\v1.0\;C:\Program Files (x86)\NVIDIA Corporation\PhysX\Common;C:\WINDOWS\system32;C:\WINDOWS;C:\WINDOWS\System32\Wbem;C:\WINDOWS\System32\WindowsPowerShell\v1.0\;C:\Program Files\Intel\Intel(R) Management Engine Components\DAL;C:\Program Files\Intel\Intel(R) Management Engine Components\IPT;C:\Program Files (x86)\Skype\Phone\;C:\WINDOWS\system32\config\systemprofile\.dnx\bin;C:\Program Files\Microsoft DNX\Dnvm\
USERNAME=Numan
OS=Windows_NT
PROCESSOR_IDENTIFIER=Intel64 Family 6 Model 60 Stepping 3, GenuineIntel



---------------  S Y S T E M  ---------------

OS: Windows 10.0 , 64 bit Build 10240 (10.0.10240.16384)

CPU:total 4 (4 cores per cpu, 1 threads per core) family 6 model 60 stepping 3, cmov, cx8, fxsr, mmx, sse, sse2, sse3, ssse3, sse4.1, sse4.2, popcnt, avx, avx2, aes, clmul, erms, lzcnt, tsc, tscinvbit, bmi1, bmi2

Memory: 4k page, physical 16702552k(7314484k free), swap 17751128k(5720k free)

vm_info: Java HotSpot(TM) 64-Bit Server VM (25.65-b01) for windows-amd64 JRE (1.8.0_65-b17), built on Oct  6 2015 16:39:20 by "java_re" with MS VC++ 10.0 (VS2010)

time: Tue Feb 23 23:59:23 2016
elapsed time: 2661 seconds (0d 0h 44m 21s)

